<?xml version="1.0" encoding="utf-8"?>
<coverage line-rate="0.8854000000000001" branch-rate="0.6956" version="1.9" timestamp="1777147036" lines-covered="116" lines-valid="131" branches-covered="32" branches-valid="46">
  <sources>
    <source>C:\repos\cpuZ80\src\CpuZ80.Core\</source>
  </sources>
  <packages>
    <package name="CpuZ80.Core" line-rate="0.8854000000000001" branch-rate="0.6956" complexity="79">
      <classes>
        <class name="CpuZ80.Core.Cpu" filename="Cpu.Arithmetic.cs" line-rate="1" branch-rate="1" complexity="6">
          <methods>
            <method name="DoAdd" signature="(System.Byte)" line-rate="1" branch-rate="1" complexity="1">
              <lines>
                <line number="5" hits="3" branch="False" />
              </lines>
            </method>
            <method name="DoAdc" signature="(System.Byte)" line-rate="1" branch-rate="1" complexity="1">
              <lines>
                <line number="6" hits="2" branch="False" />
              </lines>
            </method>
            <method name="AddInternal" signature="(System.Byte,System.Boolean)" line-rate="1" branch-rate="1" complexity="4">
              <lines>
                <line number="9" hits="5" branch="False" />
                <line number="10" hits="5" branch="True" condition-coverage="100% (4/4)">
                  <conditions>
                    <condition number="2" type="jump" coverage="100%" />
                    <condition number="10" type="jump" coverage="100%" />
                  </conditions>
                </line>
                <line number="11" hits="5" branch="False" />
                <line number="14" hits="5" branch="False" />
                <line number="15" hits="5" branch="False" />
                <line number="16" hits="5" branch="False" />
                <line number="17" hits="5" branch="False" />
                <line number="19" hits="5" branch="False" />
                <line number="21" hits="5" branch="False" />
                <line number="22" hits="5" branch="False" />
                <line number="24" hits="5" branch="False" />
                <line number="25" hits="5" branch="False" />
              </lines>
            </method>
          </methods>
          <lines>
            <line number="5" hits="3" branch="False" />
            <line number="6" hits="2" branch="False" />
            <line number="9" hits="5" branch="False" />
            <line number="10" hits="5" branch="True" condition-coverage="100% (4/4)">
              <conditions>
                <condition number="2" type="jump" coverage="100%" />
                <condition number="10" type="jump" coverage="100%" />
              </conditions>
            </line>
            <line number="11" hits="5" branch="False" />
            <line number="14" hits="5" branch="False" />
            <line number="15" hits="5" branch="False" />
            <line number="16" hits="5" branch="False" />
            <line number="17" hits="5" branch="False" />
            <line number="19" hits="5" branch="False" />
            <line number="21" hits="5" branch="False" />
            <line number="22" hits="5" branch="False" />
            <line number="24" hits="5" branch="False" />
            <line number="25" hits="5" branch="False" />
          </lines>
        </class>
        <class name="CpuZ80.Core.Cpu" filename="Cpu.cs" line-rate="0.8598" branch-rate="0.65" complexity="68">
          <methods>
            <method name="get_A" signature="()" line-rate="1" branch-rate="1" complexity="1">
              <lines>
                <line number="13" hits="44" branch="False" />
              </lines>
            </method>
            <method name="get_F" signature="()" line-rate="1" branch-rate="1" complexity="1">
              <lines>
                <line number="14" hits="84" branch="False" />
              </lines>
            </method>
            <method name="get_FlagC" signature="()" line-rate="1" branch-rate="1" complexity="1">
              <lines>
                <line number="17" hits="13" branch="False" />
              </lines>
            </method>
            <method name="get_FlagN" signature="()" line-rate="1" branch-rate="1" complexity="1">
              <lines>
                <line number="18" hits="7" branch="False" />
              </lines>
            </method>
            <method name="get_FlagPV" signature="()" line-rate="1" branch-rate="1" complexity="1">
              <lines>
                <line number="19" hits="8" branch="False" />
              </lines>
            </method>
            <method name="get_FlagH" signature="()" line-rate="1" branch-rate="1" complexity="1">
              <lines>
                <line number="20" hits="8" branch="False" />
              </lines>
            </method>
            <method name="get_FlagZ" signature="()" line-rate="1" branch-rate="1" complexity="1">
              <lines>
                <line number="21" hits="8" branch="False" />
              </lines>
            </method>
            <method name="get_FlagS" signature="()" line-rate="1" branch-rate="1" complexity="1">
              <lines>
                <line number="22" hits="8" branch="False" />
              </lines>
            </method>
            <method name="SetFlag" signature="(CpuZ80.Core.Z80Flags,System.Boolean)" line-rate="1" branch-rate="1" complexity="2">
              <lines>
                <line number="25" hits="32" branch="False" />
                <line number="26" hits="43" branch="True" condition-coverage="100% (2/2)">
                  <conditions>
                    <condition number="4" type="jump" coverage="100%" />
                  </conditions>
                </line>
                <line number="27" hits="21" branch="False" />
                <line number="28" hits="32" branch="False" />
              </lines>
            </method>
            <method name="get_B" signature="()" line-rate="1" branch-rate="1" complexity="1">
              <lines>
                <line number="29" hits="23" branch="False" />
              </lines>
            </method>
            <method name="get_C" signature="()" line-rate="1" branch-rate="1" complexity="1">
              <lines>
                <line number="30" hits="9" branch="False" />
              </lines>
            </method>
            <method name="get_D" signature="()" line-rate="1" branch-rate="1" complexity="1">
              <lines>
                <line number="31" hits="7" branch="False" />
              </lines>
            </method>
            <method name="get_E" signature="()" line-rate="1" branch-rate="1" complexity="1">
              <lines>
                <line number="32" hits="7" branch="False" />
              </lines>
            </method>
            <method name="get_H" signature="()" line-rate="1" branch-rate="1" complexity="1">
              <lines>
                <line number="33" hits="13" branch="False" />
              </lines>
            </method>
            <method name="get_L" signature="()" line-rate="1" branch-rate="1" complexity="1">
              <lines>
                <line number="34" hits="13" branch="False" />
              </lines>
            </method>
            <method name="get_BC" signature="()" line-rate="1" branch-rate="1" complexity="1">
              <lines>
                <line number="39" hits="6" branch="False" />
              </lines>
            </method>
            <method name="get_DE" signature="()" line-rate="1" branch-rate="1" complexity="1">
              <lines>
                <line number="40" hits="6" branch="False" />
              </lines>
            </method>
            <method name="get_HL" signature="()" line-rate="1" branch-rate="1" complexity="1">
              <lines>
                <line number="41" hits="21" branch="False" />
              </lines>
            </method>
            <method name="get_PC" signature="()" line-rate="1" branch-rate="1" complexity="1">
              <lines>
                <line number="43" hits="49" branch="False" />
              </lines>
            </method>
            <method name="get_SP" signature="()" line-rate="0" branch-rate="1" complexity="1">
              <lines>
                <line number="44" hits="0" branch="False" />
              </lines>
            </method>
            <method name="get_IX" signature="()" line-rate="0" branch-rate="1" complexity="1">
              <lines>
                <line number="45" hits="0" branch="False" />
              </lines>
            </method>
            <method name="get_IY" signature="()" line-rate="0" branch-rate="1" complexity="1">
              <lines>
                <line number="46" hits="0" branch="False" />
              </lines>
            </method>
            <method name="get_TotalCycles" signature="()" line-rate="1" branch-rate="1" complexity="1">
              <lines>
                <line number="48" hits="36" branch="False" />
              </lines>
            </method>
            <method name="BuildDispatchTable" signature="()" line-rate="1" branch-rate="0.9" complexity="20">
              <lines>
                <line number="57" hits="13" branch="False" />
                <line number="58" hits="6682" branch="True" condition-coverage="100% (2/2)">
                  <conditions>
                    <condition number="41" type="jump" coverage="100%" />
                  </conditions>
                </line>
                <line number="59" hits="3328" branch="False" />
                <line number="60" hits="3328" branch="False" />
                <line number="61" hits="3328" branch="False" />
                <line number="63" hits="13" branch="False" />
                <line number="64" hits="13" branch="False" />
                <line number="65" hits="13" branch="False" />
                <line number="68" hits="17" branch="False" />
                <line number="69" hits="13" branch="False" />
                <line number="70" hits="13" branch="False" />
                <line number="71" hits="13" branch="False" />
                <line number="72" hits="13" branch="False" />
                <line number="73" hits="13" branch="False" />
                <line number="74" hits="17" branch="False" />
                <line number="75" hits="17" branch="False" />
                <line number="78" hits="234" branch="True" condition-coverage="100% (2/2)">
                  <conditions>
                    <condition number="389" type="jump" coverage="100%" />
                  </conditions>
                </line>
                <line number="79" hits="104" branch="False" />
                <line number="80" hits="1872" branch="True" condition-coverage="100% (2/2)">
                  <conditions>
                    <condition number="374" type="jump" coverage="100%" />
                  </conditions>
                </line>
                <line number="81" hits="832" branch="False" />
                <line number="82" hits="832" branch="False" />
                <line number="83" hits="845" branch="True" condition-coverage="100% (2/2)">
                  <conditions>
                    <condition number="319" type="jump" coverage="100%" />
                  </conditions>
                </line>
                <line number="85" hits="819" branch="False" />
                <line number="86" hits="819" branch="False" />
                <line number="87" hits="831" branch="True" condition-coverage="100% (4/4)">
                  <conditions>
                    <condition number="60" type="jump" coverage="100%" />
                    <condition number="69" type="jump" coverage="100%" />
                  </conditions>
                </line>
                <line number="88" hits="819" branch="False" />
                <line number="89" hits="104" branch="False" />
                <line number="92" hits="234" branch="True" condition-coverage="100% (2/2)">
                  <conditions>
                    <condition number="465" type="jump" coverage="100%" />
                  </conditions>
                </line>
                <line number="93" hits="104" branch="False" />
                <line number="94" hits="104" branch="False" />
                <line number="95" hits="116" branch="True" condition-coverage="50% (1/2)">
                  <conditions>
                    <condition number="41" type="jump" coverage="50%" />
                  </conditions>
                </line>
                <line number="96" hits="104" branch="False" />
                <line number="99" hits="234" branch="True" condition-coverage="100% (2/2)">
                  <conditions>
                    <condition number="541" type="jump" coverage="100%" />
                  </conditions>
                </line>
                <line number="100" hits="104" branch="False" />
                <line number="101" hits="104" branch="False" />
                <line number="102" hits="112" branch="True" condition-coverage="50% (1/2)">
                  <conditions>
                    <condition number="41" type="jump" coverage="50%" />
                  </conditions>
                </line>
                <line number="103" hits="104" branch="False" />
                <line number="104" hits="13" branch="False" />
              </lines>
            </method>
            <method name="NOP" signature="()" line-rate="1" branch-rate="1" complexity="1">
              <lines>
                <line number="106" hits="3" branch="False" />
              </lines>
            </method>
            <method name="EX_AF_AF" signature="()" line-rate="0" branch-rate="1" complexity="1">
              <lines>
                <line number="109" hits="0" branch="False" />
                <line number="110" hits="0" branch="False" />
                <line number="111" hits="0" branch="False" />
                <line number="112" hits="0" branch="False" />
                <line number="113" hits="0" branch="False" />
              </lines>
            </method>
            <method name="EXX" signature="()" line-rate="1" branch-rate="1" complexity="1">
              <lines>
                <line number="116" hits="2" branch="False" />
                <line number="117" hits="2" branch="False" />
                <line number="118" hits="2" branch="False" />
                <line number="119" hits="2" branch="False" />
                <line number="120" hits="2" branch="False" />
                <line number="121" hits="2" branch="False" />
                <line number="122" hits="2" branch="False" />
                <line number="123" hits="2" branch="False" />
                <line number="124" hits="2" branch="False" />
              </lines>
            </method>
            <method name="Step" signature="()" line-rate="1" branch-rate="1" complexity="1">
              <lines>
                <line number="127" hits="14" branch="False" />
                <line number="128" hits="14" branch="False" />
                <line number="129" hits="14" branch="False" />
                <line number="130" hits="14" branch="False" />
              </lines>
            </method>
            <method name="Fetch" signature="()" line-rate="1" branch-rate="1" complexity="1">
              <lines>
                <line number="132" hits="17" branch="False" />
              </lines>
            </method>
            <method name="GetReg" signature="(System.Int32)" line-rate="0.8" branch-rate="0.3333" complexity="9">
              <lines>
                <line number="134" hits="8" branch="True" condition-coverage="33.33% (3/9)">
                  <conditions>
                    <condition number="5" type="switch" coverage="33.33%" />
                  </conditions>
                </line>
                <line number="135" hits="8" branch="False" />
                <line number="136" hits="8" branch="False" />
                <line number="137" hits="0" branch="False" />
                <line number="138" hits="8" branch="False" />
              </lines>
            </method>
            <method name="SetReg" signature="(System.Int32,System.Byte)" line-rate="0.5" branch-rate="0.3333" complexity="9">
              <lines>
                <line number="141" hits="3" branch="False" />
                <line number="142" hits="3" branch="True" condition-coverage="33.33% (3/9)">
                  <conditions>
                    <condition number="6" type="switch" coverage="33.33%" />
                  </conditions>
                </line>
                <line number="144" hits="2" branch="False" />
                <line number="145" hits="0" branch="False" />
                <line number="146" hits="0" branch="False" />
                <line number="147" hits="0" branch="False" />
                <line number="148" hits="0" branch="False" />
                <line number="149" hits="0" branch="False" />
                <line number="150" hits="2" branch="False" />
                <line number="151" hits="2" branch="False" />
                <line number="152" hits="0" branch="False" />
                <line number="154" hits="3" branch="False" />
              </lines>
            </method>
            <method name=".ctor" signature="(CpuZ80.Core.IBus)" line-rate="1" branch-rate="1" complexity="1">
              <lines>
                <line number="10" hits="13" branch="False" />
                <line number="50" hits="13" branch="False" />
                <line number="51" hits="13" branch="False" />
                <line number="52" hits="13" branch="False" />
                <line number="53" hits="13" branch="False" />
                <line number="54" hits="13" branch="False" />
              </lines>
            </method>
          </methods>
          <lines>
            <line number="13" hits="44" branch="False" />
            <line number="14" hits="84" branch="False" />
            <line number="17" hits="13" branch="False" />
            <line number="18" hits="7" branch="False" />
            <line number="19" hits="8" branch="False" />
            <line number="20" hits="8" branch="False" />
            <line number="21" hits="8" branch="False" />
            <line number="22" hits="8" branch="False" />
            <line number="25" hits="32" branch="False" />
            <line number="26" hits="43" branch="True" condition-coverage="100% (2/2)">
              <conditions>
                <condition number="4" type="jump" coverage="100%" />
              </conditions>
            </line>
            <line number="27" hits="21" branch="False" />
            <line number="28" hits="32" branch="False" />
            <line number="29" hits="23" branch="False" />
            <line number="30" hits="9" branch="False" />
            <line number="31" hits="7" branch="False" />
            <line number="32" hits="7" branch="False" />
            <line number="33" hits="13" branch="False" />
            <line number="34" hits="13" branch="False" />
            <line number="39" hits="6" branch="False" />
            <line number="40" hits="6" branch="False" />
            <line number="41" hits="21" branch="False" />
            <line number="43" hits="49" branch="False" />
            <line number="44" hits="0" branch="False" />
            <line number="45" hits="0" branch="False" />
            <line number="46" hits="0" branch="False" />
            <line number="48" hits="36" branch="False" />
            <line number="57" hits="13" branch="False" />
            <line number="58" hits="6682" branch="True" condition-coverage="100% (2/2)">
              <conditions>
                <condition number="41" type="jump" coverage="100%" />
              </conditions>
            </line>
            <line number="59" hits="3328" branch="False" />
            <line number="60" hits="3328" branch="False" />
            <line number="61" hits="3328" branch="False" />
            <line number="63" hits="13" branch="False" />
            <line number="64" hits="13" branch="False" />
            <line number="65" hits="13" branch="False" />
            <line number="68" hits="17" branch="False" />
            <line number="69" hits="13" branch="False" />
            <line number="70" hits="13" branch="False" />
            <line number="71" hits="13" branch="False" />
            <line number="72" hits="13" branch="False" />
            <line number="73" hits="13" branch="False" />
            <line number="74" hits="17" branch="False" />
            <line number="75" hits="17" branch="False" />
            <line number="78" hits="234" branch="True" condition-coverage="100% (2/2)">
              <conditions>
                <condition number="389" type="jump" coverage="100%" />
              </conditions>
            </line>
            <line number="79" hits="104" branch="False" />
            <line number="80" hits="1872" branch="True" condition-coverage="100% (2/2)">
              <conditions>
                <condition number="374" type="jump" coverage="100%" />
              </conditions>
            </line>
            <line number="81" hits="832" branch="False" />
            <line number="82" hits="832" branch="False" />
            <line number="83" hits="845" branch="True" condition-coverage="100% (2/2)">
              <conditions>
                <condition number="319" type="jump" coverage="100%" />
              </conditions>
            </line>
            <line number="85" hits="819" branch="False" />
            <line number="86" hits="819" branch="False" />
            <line number="87" hits="831" branch="True" condition-coverage="100% (4/4)">
              <conditions>
                <condition number="60" type="jump" coverage="100%" />
                <condition number="69" type="jump" coverage="100%" />
              </conditions>
            </line>
            <line number="88" hits="819" branch="False" />
            <line number="89" hits="104" branch="False" />
            <line number="92" hits="234" branch="True" condition-coverage="100% (2/2)">
              <conditions>
                <condition number="465" type="jump" coverage="100%" />
              </conditions>
            </line>
            <line number="93" hits="104" branch="False" />
            <line number="94" hits="104" branch="False" />
            <line number="95" hits="116" branch="True" condition-coverage="50% (1/2)">
              <conditions>
                <condition number="41" type="jump" coverage="50%" />
              </conditions>
            </line>
            <line number="96" hits="104" branch="False" />
            <line number="99" hits="234" branch="True" condition-coverage="100% (2/2)">
              <conditions>
                <condition number="541" type="jump" coverage="100%" />
              </conditions>
            </line>
            <line number="100" hits="104" branch="False" />
            <line number="101" hits="104" branch="False" />
            <line number="102" hits="112" branch="True" condition-coverage="50% (1/2)">
              <conditions>
                <condition number="41" type="jump" coverage="50%" />
              </conditions>
            </line>
            <line number="103" hits="104" branch="False" />
            <line number="104" hits="13" branch="False" />
            <line number="106" hits="3" branch="False" />
            <line number="109" hits="0" branch="False" />
            <line number="110" hits="0" branch="False" />
            <line number="111" hits="0" branch="False" />
            <line number="112" hits="0" branch="False" />
            <line number="113" hits="0" branch="False" />
            <line number="116" hits="2" branch="False" />
            <line number="117" hits="2" branch="False" />
            <line number="118" hits="2" branch="False" />
            <line number="119" hits="2" branch="False" />
            <line number="120" hits="2" branch="False" />
            <line number="121" hits="2" branch="False" />
            <line number="122" hits="2" branch="False" />
            <line number="123" hits="2" branch="False" />
            <line number="124" hits="2" branch="False" />
            <line number="127" hits="14" branch="False" />
            <line number="128" hits="14" branch="False" />
            <line number="129" hits="14" branch="False" />
            <line number="130" hits="14" branch="False" />
            <line number="132" hits="17" branch="False" />
            <line number="134" hits="8" branch="True" condition-coverage="33.33% (3/9)">
              <conditions>
                <condition number="5" type="switch" coverage="33.33%" />
              </conditions>
            </line>
            <line number="135" hits="8" branch="False" />
            <line number="136" hits="8" branch="False" />
            <line number="137" hits="0" branch="False" />
            <line number="138" hits="8" branch="False" />
            <line number="141" hits="3" branch="False" />
            <line number="142" hits="3" branch="True" condition-coverage="33.33% (3/9)">
              <conditions>
                <condition number="6" type="switch" coverage="33.33%" />
              </conditions>
            </line>
            <line number="144" hits="2" branch="False" />
            <line number="145" hits="0" branch="False" />
            <line number="146" hits="0" branch="False" />
            <line number="147" hits="0" branch="False" />
            <line number="148" hits="0" branch="False" />
            <line number="149" hits="0" branch="False" />
            <line number="150" hits="2" branch="False" />
            <line number="151" hits="2" branch="False" />
            <line number="152" hits="0" branch="False" />
            <line number="154" hits="3" branch="False" />
            <line number="10" hits="13" branch="False" />
            <line number="50" hits="13" branch="False" />
            <line number="51" hits="13" branch="False" />
            <line number="52" hits="13" branch="False" />
            <line number="53" hits="13" branch="False" />
            <line number="54" hits="13" branch="False" />
          </lines>
        </class>
        <class name="CpuZ80.Core.Ram" filename="Ram.cs" line-rate="1" branch-rate="1" complexity="5">
          <methods>
            <method name="Read" signature="(System.UInt16)" line-rate="1" branch-rate="1" complexity="1">
              <lines>
                <line number="12" hits="20" branch="False" />
              </lines>
            </method>
            <method name="Write" signature="(System.UInt16,System.Byte)" line-rate="1" branch-rate="1" complexity="1">
              <lines>
                <line number="13" hits="3" branch="False" />
              </lines>
            </method>
            <method name="Load" signature="(System.UInt16,System.Byte[])" line-rate="1" branch-rate="1" complexity="2">
              <lines>
                <line number="16" hits="13" branch="False" />
                <line number="17" hits="60" branch="True" condition-coverage="100% (2/2)">
                  <conditions>
                    <condition number="30" type="jump" coverage="100%" />
                  </conditions>
                </line>
                <line number="18" hits="17" branch="False" />
                <line number="19" hits="13" branch="False" />
              </lines>
            </method>
            <method name=".ctor" signature="(System.Int32)" line-rate="1" branch-rate="1" complexity="1">
              <lines>
                <line number="7" hits="13" branch="False" />
                <line number="8" hits="13" branch="False" />
                <line number="9" hits="13" branch="False" />
                <line number="10" hits="13" branch="False" />
              </lines>
            </method>
          </methods>
          <lines>
            <line number="12" hits="20" branch="False" />
            <line number="13" hits="3" branch="False" />
            <line number="16" hits="13" branch="False" />
            <line number="17" hits="60" branch="True" condition-coverage="100% (2/2)">
              <conditions>
                <condition number="30" type="jump" coverage="100%" />
              </conditions>
            </line>
            <line number="18" hits="17" branch="False" />
            <line number="19" hits="13" branch="False" />
            <line number="7" hits="13" branch="False" />
            <line number="8" hits="13" branch="False" />
            <line number="9" hits="13" branch="False" />
            <line number="10" hits="13" branch="False" />
          </lines>
        </class>
      </classes>
    </package>
  </packages>
</coverage>