<?xml version="1.0" encoding="utf-8"?>
<coverage line-rate="0.8304" branch-rate="0.7444" version="1.9" timestamp="1777572840" lines-covered="901" lines-valid="1085" branches-covered="233" branches-valid="313">
  <sources>
    <source>C:\repos\cpuZ80\src\CpuZ80.Core\</source>
  </sources>
  <packages>
    <package name="CpuZ80.Core" line-rate="0.8304" branch-rate="0.7444" complexity="399">
      <classes>
        <class name="CpuZ80.Core.AddressDecoder" filename="AddressDecoder.cs" line-rate="1" branch-rate="1" complexity="12">
          <methods>
            <method name="Map" signature="(System.UInt16,System.UInt16,CpuZ80.Core.IBus)" line-rate="1" branch-rate="1" complexity="1">
              <lines>
                <line number="16" hits="7" branch="False" />
              </lines>
            </method>
            <method name="Read" signature="(System.UInt16)" line-rate="1" branch-rate="1" complexity="2">
              <lines>
                <line number="19" hits="5" branch="False" />
                <line number="20" hits="5" branch="False" />
                <line number="21" hits="5" branch="True" condition-coverage="100% (2/2)">
                  <conditions>
                    <condition number="22" type="jump" coverage="100%" />
                  </conditions>
                </line>
                <line number="22" hits="5" branch="False" />
              </lines>
            </method>
            <method name="Write" signature="(System.UInt16,System.Byte)" line-rate="1" branch-rate="1" complexity="2">
              <lines>
                <line number="25" hits="3" branch="False" />
                <line number="26" hits="3" branch="False" />
                <line number="27" hits="3" branch="True" condition-coverage="100% (2/2)">
                  <conditions>
                    <condition number="22" type="jump" coverage="100%" />
                  </conditions>
                </line>
                <line number="28" hits="3" branch="False" />
              </lines>
            </method>
            <method name="Resolve" signature="(System.UInt16)" line-rate="1" branch-rate="1" complexity="6">
              <lines>
                <line number="32" hits="8" branch="False" />
                <line number="33" hits="18" branch="True" condition-coverage="100% (2/2)">
                  <conditions>
                    <condition number="99" type="jump" coverage="100%" />
                  </conditions>
                </line>
                <line number="34" hits="7" branch="False" />
                <line number="35" hits="7" branch="False" />
                <line number="36" hits="7" branch="True" condition-coverage="100% (4/4)">
                  <conditions>
                    <condition number="39" type="jump" coverage="100%" />
                    <condition number="59" type="jump" coverage="100%" />
                  </conditions>
                </line>
                <line number="37" hits="6" branch="False" />
                <line number="38" hits="1" branch="False" />
                <line number="39" hits="2" branch="False" />
                <line number="40" hits="8" branch="False" />
              </lines>
            </method>
            <method name=".ctor" signature="()" line-rate="1" branch-rate="1" complexity="1">
              <lines>
                <line number="12" hits="7" branch="False" />
              </lines>
            </method>
          </methods>
          <lines>
            <line number="16" hits="7" branch="False" />
            <line number="19" hits="5" branch="False" />
            <line number="20" hits="5" branch="False" />
            <line number="21" hits="5" branch="True" condition-coverage="100% (2/2)">
              <conditions>
                <condition number="22" type="jump" coverage="100%" />
              </conditions>
            </line>
            <line number="22" hits="5" branch="False" />
            <line number="25" hits="3" branch="False" />
            <line number="26" hits="3" branch="False" />
            <line number="27" hits="3" branch="True" condition-coverage="100% (2/2)">
              <conditions>
                <condition number="22" type="jump" coverage="100%" />
              </conditions>
            </line>
            <line number="28" hits="3" branch="False" />
            <line number="32" hits="8" branch="False" />
            <line number="33" hits="18" branch="True" condition-coverage="100% (2/2)">
              <conditions>
                <condition number="99" type="jump" coverage="100%" />
              </conditions>
            </line>
            <line number="34" hits="7" branch="False" />
            <line number="35" hits="7" branch="False" />
            <line number="36" hits="7" branch="True" condition-coverage="100% (4/4)">
              <conditions>
                <condition number="39" type="jump" coverage="100%" />
                <condition number="59" type="jump" coverage="100%" />
              </conditions>
            </line>
            <line number="37" hits="6" branch="False" />
            <line number="38" hits="1" branch="False" />
            <line number="39" hits="2" branch="False" />
            <line number="40" hits="8" branch="False" />
            <line number="12" hits="7" branch="False" />
          </lines>
        </class>
        <class name="CpuZ80.Core.AddressDecoder/Mapping" filename="AddressDecoder.cs" line-rate="1" branch-rate="1" complexity="1">
          <methods>
            <method name="get_From" signature="()" line-rate="1" branch-rate="1" complexity="1">
              <lines>
                <line number="10" hits="25" branch="False" />
              </lines>
            </method>
          </methods>
          <lines>
            <line number="10" hits="25" branch="False" />
          </lines>
        </class>
        <class name="CpuZ80.Core.Cpu" filename="Cpu.Arithmetic.cs" line-rate="0.6396999999999999" branch-rate="0.4" complexity="42">
          <methods>
            <method name="DoAdd" signature="(System.Byte)" line-rate="1" branch-rate="1" complexity="1">
              <lines>
                <line number="5" hits="6" branch="False" />
              </lines>
            </method>
            <method name="DoAdc" signature="(System.Byte)" line-rate="1" branch-rate="1" complexity="1">
              <lines>
                <line number="6" hits="4" branch="False" />
              </lines>
            </method>
            <method name="AddInternal" signature="(System.Byte,System.Boolean)" line-rate="1" branch-rate="1" complexity="4">
              <lines>
                <line number="9" hits="10" branch="False" />
                <line number="10" hits="10" branch="True" condition-coverage="100% (4/4)">
                  <conditions>
                    <condition number="2" type="jump" coverage="100%" />
                    <condition number="10" type="jump" coverage="100%" />
                  </conditions>
                </line>
                <line number="11" hits="10" branch="False" />
                <line number="13" hits="10" branch="False" />
                <line number="14" hits="10" branch="False" />
                <line number="15" hits="10" branch="False" />
                <line number="16" hits="10" branch="False" />
                <line number="18" hits="10" branch="False" />
                <line number="20" hits="10" branch="False" />
                <line number="21" hits="10" branch="False" />
                <line number="22" hits="10" branch="False" />
                <line number="24" hits="10" branch="False" />
                <line number="25" hits="10" branch="False" />
              </lines>
            </method>
            <method name="DoInc" signature="(System.Byte)" line-rate="1" branch-rate="1" complexity="1">
              <lines>
                <line number="28" hits="4" branch="False" />
                <line number="29" hits="4" branch="False" />
                <line number="31" hits="4" branch="False" />
                <line number="32" hits="4" branch="False" />
                <line number="33" hits="4" branch="False" />
                <line number="34" hits="4" branch="False" />
                <line number="35" hits="4" branch="False" />
                <line number="36" hits="4" branch="False" />
                <line number="38" hits="4" branch="False" />
                <line number="39" hits="4" branch="False" />
              </lines>
            </method>
            <method name="DoDec" signature="(System.Byte)" line-rate="1" branch-rate="1" complexity="1">
              <lines>
                <line number="42" hits="2" branch="False" />
                <line number="43" hits="2" branch="False" />
                <line number="45" hits="2" branch="False" />
                <line number="46" hits="2" branch="False" />
                <line number="47" hits="2" branch="False" />
                <line number="48" hits="2" branch="False" />
                <line number="49" hits="2" branch="False" />
                <line number="50" hits="2" branch="False" />
                <line number="52" hits="2" branch="False" />
                <line number="53" hits="2" branch="False" />
              </lines>
            </method>
            <method name="DoSub" signature="(System.Byte)" line-rate="1" branch-rate="1" complexity="1">
              <lines>
                <line number="55" hits="3" branch="False" />
              </lines>
            </method>
            <method name="DoSbc" signature="(System.Byte)" line-rate="1" branch-rate="1" complexity="1">
              <lines>
                <line number="56" hits="2" branch="False" />
              </lines>
            </method>
            <method name="SubInternal" signature="(System.Byte,System.Boolean)" line-rate="1" branch-rate="1" complexity="4">
              <lines>
                <line number="59" hits="7" branch="False" />
                <line number="60" hits="7" branch="True" condition-coverage="100% (4/4)">
                  <conditions>
                    <condition number="2" type="jump" coverage="100%" />
                    <condition number="10" type="jump" coverage="100%" />
                  </conditions>
                </line>
                <line number="61" hits="7" branch="False" />
                <line number="63" hits="7" branch="False" />
                <line number="64" hits="7" branch="False" />
                <line number="65" hits="7" branch="False" />
                <line number="66" hits="7" branch="False" />
                <line number="68" hits="7" branch="False" />
                <line number="70" hits="7" branch="False" />
                <line number="71" hits="7" branch="False" />
                <line number="72" hits="7" branch="False" />
                <line number="74" hits="7" branch="False" />
                <line number="75" hits="7" branch="False" />
              </lines>
            </method>
            <method name="DoAdd16" signature="(System.UInt16)" line-rate="1" branch-rate="1" complexity="1">
              <lines>
                <line number="78" hits="3" branch="False" />
                <line number="79" hits="3" branch="False" />
                <line number="80" hits="3" branch="False" />
                <line number="82" hits="3" branch="False" />
                <line number="83" hits="3" branch="False" />
                <line number="84" hits="3" branch="False" />
                <line number="86" hits="3" branch="False" />
                <line number="87" hits="3" branch="False" />
                <line number="88" hits="3" branch="False" />
                <line number="89" hits="3" branch="False" />
                <line number="90" hits="3" branch="False" />
              </lines>
            </method>
            <method name="DoAnd" signature="(System.Byte)" line-rate="1" branch-rate="1" complexity="1">
              <lines>
                <line number="93" hits="2" branch="False" />
                <line number="94" hits="2" branch="False" />
                <line number="95" hits="2" branch="False" />
                <line number="96" hits="2" branch="False" />
                <line number="97" hits="2" branch="False" />
                <line number="98" hits="2" branch="False" />
                <line number="99" hits="2" branch="False" />
                <line number="100" hits="2" branch="False" />
              </lines>
            </method>
            <method name="DoOr" signature="(System.Byte)" line-rate="1" branch-rate="1" complexity="1">
              <lines>
                <line number="103" hits="2" branch="False" />
                <line number="104" hits="2" branch="False" />
                <line number="105" hits="2" branch="False" />
                <line number="106" hits="2" branch="False" />
                <line number="107" hits="2" branch="False" />
                <line number="108" hits="2" branch="False" />
                <line number="109" hits="2" branch="False" />
                <line number="110" hits="2" branch="False" />
              </lines>
            </method>
            <method name="DoXor" signature="(System.Byte)" line-rate="1" branch-rate="1" complexity="1">
              <lines>
                <line number="113" hits="2" branch="False" />
                <line number="114" hits="2" branch="False" />
                <line number="115" hits="2" branch="False" />
                <line number="116" hits="2" branch="False" />
                <line number="117" hits="2" branch="False" />
                <line number="118" hits="2" branch="False" />
                <line number="119" hits="2" branch="False" />
                <line number="120" hits="2" branch="False" />
              </lines>
            </method>
            <method name="DoCp" signature="(System.Byte)" line-rate="1" branch-rate="1" complexity="1">
              <lines>
                <line number="123" hits="2" branch="False" />
                <line number="124" hits="2" branch="False" />
                <line number="125" hits="2" branch="False" />
                <line number="126" hits="2" branch="False" />
                <line number="127" hits="2" branch="False" />
                <line number="128" hits="2" branch="False" />
              </lines>
            </method>
            <method name="SetLogicFlags" signature="(System.Byte)" line-rate="1" branch-rate="1" complexity="1">
              <lines>
                <line number="131" hits="17" branch="False" />
                <line number="132" hits="17" branch="False" />
                <line number="133" hits="17" branch="False" />
                <line number="134" hits="17" branch="False" />
                <line number="135" hits="17" branch="False" />
                <line number="136" hits="17" branch="False" />
              </lines>
            </method>
            <method name="GetParity" signature="(System.Byte)" line-rate="1" branch-rate="1" complexity="4">
              <lines>
                <line number="139" hits="18" branch="False" />
                <line number="140" hits="18" branch="False" />
                <line number="141" hits="324" branch="True" condition-coverage="100% (2/2)">
                  <conditions>
                    <condition number="36" type="jump" coverage="100%" />
                  </conditions>
                </line>
                <line number="142" hits="174" branch="True" condition-coverage="100% (2/2)">
                  <conditions>
                    <condition number="20" type="jump" coverage="100%" />
                  </conditions>
                </line>
                <line number="143" hits="18" branch="False" />
                <line number="144" hits="18" branch="False" />
              </lines>
            </method>
            <method name="RLCA" signature="()" line-rate="0" branch-rate="0" complexity="2">
              <lines>
                <line number="147" hits="0" branch="False" />
                <line number="148" hits="0" branch="False" />
                <line number="149" hits="0" branch="True" condition-coverage="0% (0/2)">
                  <conditions>
                    <condition number="38" type="jump" coverage="0%" />
                  </conditions>
                </line>
                <line number="150" hits="0" branch="False" />
                <line number="151" hits="0" branch="False" />
                <line number="152" hits="0" branch="False" />
                <line number="153" hits="0" branch="False" />
                <line number="154" hits="0" branch="False" />
              </lines>
            </method>
            <method name="RRCA" signature="()" line-rate="0" branch-rate="0" complexity="2">
              <lines>
                <line number="157" hits="0" branch="False" />
                <line number="158" hits="0" branch="False" />
                <line number="159" hits="0" branch="True" condition-coverage="0% (0/2)">
                  <conditions>
                    <condition number="34" type="jump" coverage="0%" />
                  </conditions>
                </line>
                <line number="160" hits="0" branch="False" />
                <line number="161" hits="0" branch="False" />
                <line number="162" hits="0" branch="False" />
                <line number="163" hits="0" branch="False" />
                <line number="164" hits="0" branch="False" />
              </lines>
            </method>
            <method name="RLA" signature="()" line-rate="0" branch-rate="0" complexity="2">
              <lines>
                <line number="167" hits="0" branch="False" />
                <line number="168" hits="0" branch="False" />
                <line number="169" hits="0" branch="False" />
                <line number="170" hits="0" branch="True" condition-coverage="0% (0/2)">
                  <conditions>
                    <condition number="40" type="jump" coverage="0%" />
                  </conditions>
                </line>
                <line number="171" hits="0" branch="False" />
                <line number="172" hits="0" branch="False" />
                <line number="173" hits="0" branch="False" />
                <line number="174" hits="0" branch="False" />
                <line number="175" hits="0" branch="False" />
              </lines>
            </method>
            <method name="RRA" signature="()" line-rate="0" branch-rate="0" complexity="2">
              <lines>
                <line number="178" hits="0" branch="False" />
                <line number="179" hits="0" branch="False" />
                <line number="180" hits="0" branch="False" />
                <line number="181" hits="0" branch="True" condition-coverage="0% (0/2)">
                  <conditions>
                    <condition number="36" type="jump" coverage="0%" />
                  </conditions>
                </line>
                <line number="182" hits="0" branch="False" />
                <line number="183" hits="0" branch="False" />
                <line number="184" hits="0" branch="False" />
                <line number="185" hits="0" branch="False" />
                <line number="186" hits="0" branch="False" />
              </lines>
            </method>
            <method name="DAA" signature="()" line-rate="0" branch-rate="0" complexity="10">
              <lines>
                <line number="189" hits="0" branch="False" />
                <line number="190" hits="0" branch="False" />
                <line number="191" hits="0" branch="False" />
                <line number="192" hits="0" branch="True" condition-coverage="0% (0/4)">
                  <conditions>
                    <condition number="16" type="jump" coverage="0%" />
                    <condition number="36" type="jump" coverage="0%" />
                  </conditions>
                </line>
                <line number="193" hits="0" branch="True" condition-coverage="0% (0/4)">
                  <conditions>
                    <condition number="49" type="jump" coverage="0%" />
                    <condition number="69" type="jump" coverage="0%" />
                  </conditions>
                </line>
                <line number="194" hits="0" branch="False" />
                <line number="195" hits="0" branch="False" />
                <line number="196" hits="0" branch="False" />
                <line number="197" hits="0" branch="False" />
                <line number="199" hits="0" branch="True" condition-coverage="0% (0/2)">
                  <conditions>
                    <condition number="97" type="jump" coverage="0%" />
                  </conditions>
                </line>
                <line number="200" hits="0" branch="False" />
                <line number="201" hits="0" branch="False" />
                <line number="202" hits="0" branch="False" />
                <line number="203" hits="0" branch="False" />
                <line number="205" hits="0" branch="False" />
                <line number="206" hits="0" branch="False" />
                <line number="207" hits="0" branch="False" />
                <line number="208" hits="0" branch="False" />
                <line number="210" hits="0" branch="False" />
                <line number="211" hits="0" branch="False" />
                <line number="212" hits="0" branch="False" />
                <line number="213" hits="0" branch="False" />
                <line number="214" hits="0" branch="False" />
                <line number="215" hits="0" branch="False" />
              </lines>
            </method>
          </methods>
          <lines>
            <line number="5" hits="6" branch="False" />
            <line number="6" hits="4" branch="False" />
            <line number="9" hits="10" branch="False" />
            <line number="10" hits="10" branch="True" condition-coverage="100% (4/4)">
              <conditions>
                <condition number="2" type="jump" coverage="100%" />
                <condition number="10" type="jump" coverage="100%" />
              </conditions>
            </line>
            <line number="11" hits="10" branch="False" />
            <line number="13" hits="10" branch="False" />
            <line number="14" hits="10" branch="False" />
            <line number="15" hits="10" branch="False" />
            <line number="16" hits="10" branch="False" />
            <line number="18" hits="10" branch="False" />
            <line number="20" hits="10" branch="False" />
            <line number="21" hits="10" branch="False" />
            <line number="22" hits="10" branch="False" />
            <line number="24" hits="10" branch="False" />
            <line number="25" hits="10" branch="False" />
            <line number="28" hits="4" branch="False" />
            <line number="29" hits="4" branch="False" />
            <line number="31" hits="4" branch="False" />
            <line number="32" hits="4" branch="False" />
            <line number="33" hits="4" branch="False" />
            <line number="34" hits="4" branch="False" />
            <line number="35" hits="4" branch="False" />
            <line number="36" hits="4" branch="False" />
            <line number="38" hits="4" branch="False" />
            <line number="39" hits="4" branch="False" />
            <line number="42" hits="2" branch="False" />
            <line number="43" hits="2" branch="False" />
            <line number="45" hits="2" branch="False" />
            <line number="46" hits="2" branch="False" />
            <line number="47" hits="2" branch="False" />
            <line number="48" hits="2" branch="False" />
            <line number="49" hits="2" branch="False" />
            <line number="50" hits="2" branch="False" />
            <line number="52" hits="2" branch="False" />
            <line number="53" hits="2" branch="False" />
            <line number="55" hits="3" branch="False" />
            <line number="56" hits="2" branch="False" />
            <line number="59" hits="7" branch="False" />
            <line number="60" hits="7" branch="True" condition-coverage="100% (4/4)">
              <conditions>
                <condition number="2" type="jump" coverage="100%" />
                <condition number="10" type="jump" coverage="100%" />
              </conditions>
            </line>
            <line number="61" hits="7" branch="False" />
            <line number="63" hits="7" branch="False" />
            <line number="64" hits="7" branch="False" />
            <line number="65" hits="7" branch="False" />
            <line number="66" hits="7" branch="False" />
            <line number="68" hits="7" branch="False" />
            <line number="70" hits="7" branch="False" />
            <line number="71" hits="7" branch="False" />
            <line number="72" hits="7" branch="False" />
            <line number="74" hits="7" branch="False" />
            <line number="75" hits="7" branch="False" />
            <line number="78" hits="3" branch="False" />
            <line number="79" hits="3" branch="False" />
            <line number="80" hits="3" branch="False" />
            <line number="82" hits="3" branch="False" />
            <line number="83" hits="3" branch="False" />
            <line number="84" hits="3" branch="False" />
            <line number="86" hits="3" branch="False" />
            <line number="87" hits="3" branch="False" />
            <line number="88" hits="3" branch="False" />
            <line number="89" hits="3" branch="False" />
            <line number="90" hits="3" branch="False" />
            <line number="93" hits="2" branch="False" />
            <line number="94" hits="2" branch="False" />
            <line number="95" hits="2" branch="False" />
            <line number="96" hits="2" branch="False" />
            <line number="97" hits="2" branch="False" />
            <line number="98" hits="2" branch="False" />
            <line number="99" hits="2" branch="False" />
            <line number="100" hits="2" branch="False" />
            <line number="103" hits="2" branch="False" />
            <line number="104" hits="2" branch="False" />
            <line number="105" hits="2" branch="False" />
            <line number="106" hits="2" branch="False" />
            <line number="107" hits="2" branch="False" />
            <line number="108" hits="2" branch="False" />
            <line number="109" hits="2" branch="False" />
            <line number="110" hits="2" branch="False" />
            <line number="113" hits="2" branch="False" />
            <line number="114" hits="2" branch="False" />
            <line number="115" hits="2" branch="False" />
            <line number="116" hits="2" branch="False" />
            <line number="117" hits="2" branch="False" />
            <line number="118" hits="2" branch="False" />
            <line number="119" hits="2" branch="False" />
            <line number="120" hits="2" branch="False" />
            <line number="123" hits="2" branch="False" />
            <line number="124" hits="2" branch="False" />
            <line number="125" hits="2" branch="False" />
            <line number="126" hits="2" branch="False" />
            <line number="127" hits="2" branch="False" />
            <line number="128" hits="2" branch="False" />
            <line number="131" hits="17" branch="False" />
            <line number="132" hits="17" branch="False" />
            <line number="133" hits="17" branch="False" />
            <line number="134" hits="17" branch="False" />
            <line number="135" hits="17" branch="False" />
            <line number="136" hits="17" branch="False" />
            <line number="139" hits="18" branch="False" />
            <line number="140" hits="18" branch="False" />
            <line number="141" hits="324" branch="True" condition-coverage="100% (2/2)">
              <conditions>
                <condition number="36" type="jump" coverage="100%" />
              </conditions>
            </line>
            <line number="142" hits="174" branch="True" condition-coverage="100% (2/2)">
              <conditions>
                <condition number="20" type="jump" coverage="100%" />
              </conditions>
            </line>
            <line number="143" hits="18" branch="False" />
            <line number="144" hits="18" branch="False" />
            <line number="147" hits="0" branch="False" />
            <line number="148" hits="0" branch="False" />
            <line number="149" hits="0" branch="True" condition-coverage="0% (0/2)">
              <conditions>
                <condition number="38" type="jump" coverage="0%" />
              </conditions>
            </line>
            <line number="150" hits="0" branch="False" />
            <line number="151" hits="0" branch="False" />
            <line number="152" hits="0" branch="False" />
            <line number="153" hits="0" branch="False" />
            <line number="154" hits="0" branch="False" />
            <line number="157" hits="0" branch="False" />
            <line number="158" hits="0" branch="False" />
            <line number="159" hits="0" branch="True" condition-coverage="0% (0/2)">
              <conditions>
                <condition number="34" type="jump" coverage="0%" />
              </conditions>
            </line>
            <line number="160" hits="0" branch="False" />
            <line number="161" hits="0" branch="False" />
            <line number="162" hits="0" branch="False" />
            <line number="163" hits="0" branch="False" />
            <line number="164" hits="0" branch="False" />
            <line number="167" hits="0" branch="False" />
            <line number="168" hits="0" branch="False" />
            <line number="169" hits="0" branch="False" />
            <line number="170" hits="0" branch="True" condition-coverage="0% (0/2)">
              <conditions>
                <condition number="40" type="jump" coverage="0%" />
              </conditions>
            </line>
            <line number="171" hits="0" branch="False" />
            <line number="172" hits="0" branch="False" />
            <line number="173" hits="0" branch="False" />
            <line number="174" hits="0" branch="False" />
            <line number="175" hits="0" branch="False" />
            <line number="178" hits="0" branch="False" />
            <line number="179" hits="0" branch="False" />
            <line number="180" hits="0" branch="False" />
            <line number="181" hits="0" branch="True" condition-coverage="0% (0/2)">
              <conditions>
                <condition number="36" type="jump" coverage="0%" />
              </conditions>
            </line>
            <line number="182" hits="0" branch="False" />
            <line number="183" hits="0" branch="False" />
            <line number="184" hits="0" branch="False" />
            <line number="185" hits="0" branch="False" />
            <line number="186" hits="0" branch="False" />
            <line number="189" hits="0" branch="False" />
            <line number="190" hits="0" branch="False" />
            <line number="191" hits="0" branch="False" />
            <line number="192" hits="0" branch="True" condition-coverage="0% (0/4)">
              <conditions>
                <condition number="16" type="jump" coverage="0%" />
                <condition number="36" type="jump" coverage="0%" />
              </conditions>
            </line>
            <line number="193" hits="0" branch="True" condition-coverage="0% (0/4)">
              <conditions>
                <condition number="49" type="jump" coverage="0%" />
                <condition number="69" type="jump" coverage="0%" />
              </conditions>
            </line>
            <line number="194" hits="0" branch="False" />
            <line number="195" hits="0" branch="False" />
            <line number="196" hits="0" branch="False" />
            <line number="197" hits="0" branch="False" />
            <line number="199" hits="0" branch="True" condition-coverage="0% (0/2)">
              <conditions>
                <condition number="97" type="jump" coverage="0%" />
              </conditions>
            </line>
            <line number="200" hits="0" branch="False" />
            <line number="201" hits="0" branch="False" />
            <line number="202" hits="0" branch="False" />
            <line number="203" hits="0" branch="False" />
            <line number="205" hits="0" branch="False" />
            <line number="206" hits="0" branch="False" />
            <line number="207" hits="0" branch="False" />
            <line number="208" hits="0" branch="False" />
            <line number="210" hits="0" branch="False" />
            <line number="211" hits="0" branch="False" />
            <line number="212" hits="0" branch="False" />
            <line number="213" hits="0" branch="False" />
            <line number="214" hits="0" branch="False" />
            <line number="215" hits="0" branch="False" />
          </lines>
        </class>
        <class name="CpuZ80.Core.Cpu" filename="Cpu.Bitwise.cs" line-rate="1" branch-rate="0.8284999999999999" complexity="37">
          <methods>
            <method name="BuildCbDispatchTable" signature="()" line-rate="1" branch-rate="0.8125" complexity="16">
              <lines>
                <line number="8" hits="150" branch="False" />
                <line number="9" hits="77100" branch="True" condition-coverage="100% (2/2)">
                  <conditions>
                    <condition number="220" type="jump" coverage="100%" />
                  </conditions>
                </line>
                <line number="10" hits="38400" branch="False" />
                <line number="11" hits="38400" branch="False" />
                <line number="12" hits="38400" branch="False" />
                <line number="13" hits="38400" branch="False" />
                <line number="15" hits="38400" branch="True" condition-coverage="100% (2/2)">
                  <conditions>
                    <condition number="51" type="jump" coverage="100%" />
                  </conditions>
                </line>
                <line number="16" hits="9600" branch="False" />
                <line number="17" hits="9600" branch="False" />
                <line number="18" hits="9640" branch="True" condition-coverage="100% (2/2)">
                  <conditions>
                    <condition number="117" type="jump" coverage="100%" />
                  </conditions>
                </line>
                <line number="19" hits="9600" branch="False" />
                <line number="20" hits="28800" branch="True" condition-coverage="100% (2/2)">
                  <conditions>
                    <condition number="117" type="jump" coverage="100%" />
                  </conditions>
                </line>
                <line number="21" hits="9600" branch="False" />
                <line number="22" hits="9608" branch="True" condition-coverage="50% (1/2)">
                  <conditions>
                    <condition number="60" type="jump" coverage="50%" />
                  </conditions>
                </line>
                <line number="23" hits="9600" branch="False" />
                <line number="24" hits="19200" branch="True" condition-coverage="100% (2/2)">
                  <conditions>
                    <condition number="155" type="jump" coverage="100%" />
                  </conditions>
                </line>
                <line number="25" hits="9600" branch="False" />
                <line number="26" hits="9604" branch="True" condition-coverage="50% (1/2)">
                  <conditions>
                    <condition number="74" type="jump" coverage="50%" />
                  </conditions>
                </line>
                <line number="27" hits="9600" branch="False" />
                <line number="29" hits="9600" branch="False" />
                <line number="30" hits="9604" branch="True" condition-coverage="50% (1/2)">
                  <conditions>
                    <condition number="73" type="jump" coverage="50%" />
                  </conditions>
                </line>
                <line number="31" hits="9600" branch="False" />
                <line number="32" hits="38400" branch="False" />
                <line number="33" hits="150" branch="False" />
              </lines>
            </method>
            <method name="DoShift" signature="(System.Int32,System.Byte)" line-rate="1" branch-rate="0.8823000000000001" complexity="17">
              <lines>
                <line number="36" hits="10" branch="False" />
                <line number="37" hits="10" branch="False" />
                <line number="38" hits="10" branch="False" />
                <line number="40" hits="10" branch="True" condition-coverage="100% (9/9)">
                  <conditions>
                    <condition number="15" type="switch" coverage="100%" />
                  </conditions>
                </line>
                <line number="43" hits="1" branch="False" />
                <line number="44" hits="1" branch="True" condition-coverage="50% (1/2)">
                  <conditions>
                    <condition number="83" type="jump" coverage="50%" />
                  </conditions>
                </line>
                <line number="45" hits="1" branch="False" />
                <line number="47" hits="1" branch="False" />
                <line number="48" hits="1" branch="True" condition-coverage="50% (1/2)">
                  <conditions>
                    <condition number="119" type="jump" coverage="50%" />
                  </conditions>
                </line>
                <line number="49" hits="1" branch="False" />
                <line number="51" hits="2" branch="False" />
                <line number="52" hits="2" branch="True" condition-coverage="100% (2/2)">
                  <conditions>
                    <condition number="158" type="jump" coverage="100%" />
                  </conditions>
                </line>
                <line number="53" hits="2" branch="False" />
                <line number="55" hits="2" branch="False" />
                <line number="56" hits="2" branch="True" condition-coverage="100% (2/2)">
                  <conditions>
                    <condition number="189" type="jump" coverage="100%" />
                  </conditions>
                </line>
                <line number="57" hits="2" branch="False" />
                <line number="59" hits="1" branch="False" />
                <line number="60" hits="1" branch="False" />
                <line number="61" hits="1" branch="False" />
                <line number="63" hits="1" branch="False" />
                <line number="64" hits="1" branch="False" />
                <line number="65" hits="1" branch="False" />
                <line number="67" hits="1" branch="False" />
                <line number="68" hits="1" branch="False" />
                <line number="69" hits="1" branch="False" />
                <line number="71" hits="1" branch="False" />
                <line number="72" hits="1" branch="False" />
                <line number="73" hits="1" branch="False" />
                <line number="76" hits="10" branch="False" />
                <line number="77" hits="10" branch="False" />
                <line number="78" hits="10" branch="False" />
                <line number="79" hits="10" branch="False" />
                <line number="80" hits="10" branch="False" />
              </lines>
            </method>
            <method name="DoBit" signature="(System.Int32,System.Byte)" line-rate="1" branch-rate="0.5" complexity="2">
              <lines>
                <line number="83" hits="2" branch="False" />
                <line number="84" hits="2" branch="False" />
                <line number="85" hits="2" branch="False" />
                <line number="86" hits="2" branch="False" />
                <line number="87" hits="2" branch="True" condition-coverage="50% (1/2)">
                  <conditions>
                    <condition number="38" type="jump" coverage="50%" />
                  </conditions>
                </line>
                <line number="89" hits="2" branch="False" />
                <line number="90" hits="2" branch="False" />
              </lines>
            </method>
            <method name="HandleCB" signature="()" line-rate="1" branch-rate="1" complexity="1">
              <lines>
                <line number="93" hits="14" branch="False" />
                <line number="94" hits="14" branch="False" />
                <line number="95" hits="14" branch="False" />
                <line number="96" hits="14" branch="False" />
              </lines>
            </method>
            <method name=".ctor" signature="(CpuZ80.Core.IBus,CpuZ80.Core.IPortBus)" line-rate="1" branch-rate="1" complexity="1">
              <lines>
                <line number="5" hits="150" branch="False" />
              </lines>
            </method>
          </methods>
          <lines>
            <line number="8" hits="150" branch="False" />
            <line number="9" hits="77100" branch="True" condition-coverage="100% (2/2)">
              <conditions>
                <condition number="220" type="jump" coverage="100%" />
              </conditions>
            </line>
            <line number="10" hits="38400" branch="False" />
            <line number="11" hits="38400" branch="False" />
            <line number="12" hits="38400" branch="False" />
            <line number="13" hits="38400" branch="False" />
            <line number="15" hits="38400" branch="True" condition-coverage="100% (2/2)">
              <conditions>
                <condition number="51" type="jump" coverage="100%" />
              </conditions>
            </line>
            <line number="16" hits="9600" branch="False" />
            <line number="17" hits="9600" branch="False" />
            <line number="18" hits="9640" branch="True" condition-coverage="100% (2/2)">
              <conditions>
                <condition number="117" type="jump" coverage="100%" />
              </conditions>
            </line>
            <line number="19" hits="9600" branch="False" />
            <line number="20" hits="28800" branch="True" condition-coverage="100% (2/2)">
              <conditions>
                <condition number="117" type="jump" coverage="100%" />
              </conditions>
            </line>
            <line number="21" hits="9600" branch="False" />
            <line number="22" hits="9608" branch="True" condition-coverage="50% (1/2)">
              <conditions>
                <condition number="60" type="jump" coverage="50%" />
              </conditions>
            </line>
            <line number="23" hits="9600" branch="False" />
            <line number="24" hits="19200" branch="True" condition-coverage="100% (2/2)">
              <conditions>
                <condition number="155" type="jump" coverage="100%" />
              </conditions>
            </line>
            <line number="25" hits="9600" branch="False" />
            <line number="26" hits="9604" branch="True" condition-coverage="50% (1/2)">
              <conditions>
                <condition number="74" type="jump" coverage="50%" />
              </conditions>
            </line>
            <line number="27" hits="9600" branch="False" />
            <line number="29" hits="9600" branch="False" />
            <line number="30" hits="9604" branch="True" condition-coverage="50% (1/2)">
              <conditions>
                <condition number="73" type="jump" coverage="50%" />
              </conditions>
            </line>
            <line number="31" hits="9600" branch="False" />
            <line number="32" hits="38400" branch="False" />
            <line number="33" hits="150" branch="False" />
            <line number="36" hits="10" branch="False" />
            <line number="37" hits="10" branch="False" />
            <line number="38" hits="10" branch="False" />
            <line number="40" hits="10" branch="True" condition-coverage="100% (9/9)">
              <conditions>
                <condition number="15" type="switch" coverage="100%" />
              </conditions>
            </line>
            <line number="43" hits="1" branch="False" />
            <line number="44" hits="1" branch="True" condition-coverage="50% (1/2)">
              <conditions>
                <condition number="83" type="jump" coverage="50%" />
              </conditions>
            </line>
            <line number="45" hits="1" branch="False" />
            <line number="47" hits="1" branch="False" />
            <line number="48" hits="1" branch="True" condition-coverage="50% (1/2)">
              <conditions>
                <condition number="119" type="jump" coverage="50%" />
              </conditions>
            </line>
            <line number="49" hits="1" branch="False" />
            <line number="51" hits="2" branch="False" />
            <line number="52" hits="2" branch="True" condition-coverage="100% (2/2)">
              <conditions>
                <condition number="158" type="jump" coverage="100%" />
              </conditions>
            </line>
            <line number="53" hits="2" branch="False" />
            <line number="55" hits="2" branch="False" />
            <line number="56" hits="2" branch="True" condition-coverage="100% (2/2)">
              <conditions>
                <condition number="189" type="jump" coverage="100%" />
              </conditions>
            </line>
            <line number="57" hits="2" branch="False" />
            <line number="59" hits="1" branch="False" />
            <line number="60" hits="1" branch="False" />
            <line number="61" hits="1" branch="False" />
            <line number="63" hits="1" branch="False" />
            <line number="64" hits="1" branch="False" />
            <line number="65" hits="1" branch="False" />
            <line number="67" hits="1" branch="False" />
            <line number="68" hits="1" branch="False" />
            <line number="69" hits="1" branch="False" />
            <line number="71" hits="1" branch="False" />
            <line number="72" hits="1" branch="False" />
            <line number="73" hits="1" branch="False" />
            <line number="76" hits="10" branch="False" />
            <line number="77" hits="10" branch="False" />
            <line number="78" hits="10" branch="False" />
            <line number="79" hits="10" branch="False" />
            <line number="80" hits="10" branch="False" />
            <line number="83" hits="2" branch="False" />
            <line number="84" hits="2" branch="False" />
            <line number="85" hits="2" branch="False" />
            <line number="86" hits="2" branch="False" />
            <line number="87" hits="2" branch="True" condition-coverage="50% (1/2)">
              <conditions>
                <condition number="38" type="jump" coverage="50%" />
              </conditions>
            </line>
            <line number="89" hits="2" branch="False" />
            <line number="90" hits="2" branch="False" />
            <line number="93" hits="14" branch="False" />
            <line number="94" hits="14" branch="False" />
            <line number="95" hits="14" branch="False" />
            <line number="96" hits="14" branch="False" />
            <line number="5" hits="150" branch="False" />
          </lines>
        </class>
        <class name="CpuZ80.Core.Cpu" filename="Cpu.ControlFlow.cs" line-rate="0.9864" branch-rate="0.9473" complexity="23">
          <methods>
            <method name="CheckCondition" signature="(System.Int32)" line-rate="0.9166" branch-rate="0.8887999999999999" complexity="9">
              <lines>
                <line number="5" hits="12" branch="True" condition-coverage="88.88% (8/9)">
                  <conditions>
                    <condition number="5" type="switch" coverage="88.88%" />
                  </conditions>
                </line>
                <line number="6" hits="12" branch="False" />
                <line number="7" hits="2" branch="False" />
                <line number="8" hits="2" branch="False" />
                <line number="9" hits="1" branch="False" />
                <line number="10" hits="1" branch="False" />
                <line number="11" hits="1" branch="False" />
                <line number="12" hits="1" branch="False" />
                <line number="13" hits="2" branch="False" />
                <line number="14" hits="2" branch="False" />
                <line number="15" hits="0" branch="False" />
                <line number="16" hits="12" branch="False" />
              </lines>
            </method>
            <method name="JP_nn" signature="()" line-rate="1" branch-rate="1" complexity="1">
              <lines>
                <line number="18" hits="4" branch="False" />
              </lines>
            </method>
            <method name="JP_cc_nn" signature="(System.Int32)" line-rate="1" branch-rate="1" complexity="2">
              <lines>
                <line number="21" hits="6" branch="False" />
                <line number="22" hits="6" branch="False" />
                <line number="23" hits="11" branch="True" condition-coverage="100% (2/2)">
                  <conditions>
                    <condition number="17" type="jump" coverage="100%" />
                  </conditions>
                </line>
                <line number="24" hits="6" branch="False" />
                <line number="25" hits="6" branch="False" />
              </lines>
            </method>
            <method name="JR_e" signature="()" line-rate="1" branch-rate="1" complexity="1">
              <lines>
                <line number="28" hits="2" branch="False" />
                <line number="29" hits="2" branch="False" />
                <line number="30" hits="2" branch="False" />
                <line number="31" hits="2" branch="False" />
                <line number="32" hits="2" branch="False" />
              </lines>
            </method>
            <method name="JR_cc_e" signature="(System.Int32)" line-rate="1" branch-rate="1" complexity="2">
              <lines>
                <line number="35" hits="2" branch="False" />
                <line number="36" hits="2" branch="False" />
                <line number="37" hits="2" branch="True" condition-coverage="100% (2/2)">
                  <conditions>
                    <condition number="18" type="jump" coverage="100%" />
                  </conditions>
                </line>
                <line number="38" hits="1" branch="False" />
                <line number="39" hits="1" branch="False" />
                <line number="40" hits="1" branch="False" />
                <line number="41" hits="1" branch="False" />
                <line number="43" hits="1" branch="False" />
                <line number="44" hits="1" branch="False" />
                <line number="45" hits="1" branch="False" />
                <line number="46" hits="2" branch="False" />
              </lines>
            </method>
            <method name="CALL_nn" signature="()" line-rate="1" branch-rate="1" complexity="1">
              <lines>
                <line number="49" hits="1" branch="False" />
                <line number="50" hits="1" branch="False" />
                <line number="51" hits="1" branch="False" />
                <line number="52" hits="1" branch="False" />
                <line number="53" hits="1" branch="False" />
                <line number="54" hits="1" branch="False" />
              </lines>
            </method>
            <method name="CALL_cc_nn" signature="(System.Int32)" line-rate="1" branch-rate="1" complexity="2">
              <lines>
                <line number="57" hits="2" branch="False" />
                <line number="58" hits="2" branch="False" />
                <line number="59" hits="2" branch="True" condition-coverage="100% (2/2)">
                  <conditions>
                    <condition number="17" type="jump" coverage="100%" />
                  </conditions>
                </line>
                <line number="60" hits="1" branch="False" />
                <line number="61" hits="1" branch="False" />
                <line number="62" hits="1" branch="False" />
                <line number="63" hits="1" branch="False" />
                <line number="64" hits="1" branch="False" />
                <line number="66" hits="1" branch="False" />
                <line number="67" hits="1" branch="False" />
                <line number="68" hits="1" branch="False" />
                <line number="69" hits="2" branch="False" />
              </lines>
            </method>
            <method name="RET" signature="()" line-rate="1" branch-rate="1" complexity="1">
              <lines>
                <line number="71" hits="36" branch="False" />
              </lines>
            </method>
            <method name="DJNZ" signature="()" line-rate="1" branch-rate="1" complexity="2">
              <lines>
                <line number="74" hits="2" branch="False" />
                <line number="75" hits="2" branch="False" />
                <line number="76" hits="2" branch="True" condition-coverage="100% (2/2)">
                  <conditions>
                    <condition number="33" type="jump" coverage="100%" />
                  </conditions>
                </line>
                <line number="77" hits="1" branch="False" />
                <line number="78" hits="1" branch="False" />
                <line number="79" hits="1" branch="False" />
                <line number="80" hits="1" branch="False" />
                <line number="82" hits="1" branch="False" />
                <line number="83" hits="1" branch="False" />
                <line number="84" hits="1" branch="False" />
                <line number="85" hits="2" branch="False" />
              </lines>
            </method>
            <method name="RET_cc" signature="(System.Int32)" line-rate="1" branch-rate="1" complexity="2">
              <lines>
                <line number="88" hits="2" branch="False" />
                <line number="89" hits="2" branch="True" condition-coverage="100% (2/2)">
                  <conditions>
                    <condition number="10" type="jump" coverage="100%" />
                  </conditions>
                </line>
                <line number="90" hits="1" branch="False" />
                <line number="91" hits="1" branch="False" />
                <line number="92" hits="1" branch="False" />
                <line number="93" hits="1" branch="False" />
                <line number="95" hits="1" branch="False" />
                <line number="96" hits="1" branch="False" />
                <line number="97" hits="1" branch="False" />
                <line number="98" hits="2" branch="False" />
              </lines>
            </method>
          </methods>
          <lines>
            <line number="5" hits="12" branch="True" condition-coverage="88.88% (8/9)">
              <conditions>
                <condition number="5" type="switch" coverage="88.88%" />
              </conditions>
            </line>
            <line number="6" hits="12" branch="False" />
            <line number="7" hits="2" branch="False" />
            <line number="8" hits="2" branch="False" />
            <line number="9" hits="1" branch="False" />
            <line number="10" hits="1" branch="False" />
            <line number="11" hits="1" branch="False" />
            <line number="12" hits="1" branch="False" />
            <line number="13" hits="2" branch="False" />
            <line number="14" hits="2" branch="False" />
            <line number="15" hits="0" branch="False" />
            <line number="16" hits="12" branch="False" />
            <line number="18" hits="4" branch="False" />
            <line number="21" hits="6" branch="False" />
            <line number="22" hits="6" branch="False" />
            <line number="23" hits="11" branch="True" condition-coverage="100% (2/2)">
              <conditions>
                <condition number="17" type="jump" coverage="100%" />
              </conditions>
            </line>
            <line number="24" hits="6" branch="False" />
            <line number="25" hits="6" branch="False" />
            <line number="28" hits="2" branch="False" />
            <line number="29" hits="2" branch="False" />
            <line number="30" hits="2" branch="False" />
            <line number="31" hits="2" branch="False" />
            <line number="32" hits="2" branch="False" />
            <line number="35" hits="2" branch="False" />
            <line number="36" hits="2" branch="False" />
            <line number="37" hits="2" branch="True" condition-coverage="100% (2/2)">
              <conditions>
                <condition number="18" type="jump" coverage="100%" />
              </conditions>
            </line>
            <line number="38" hits="1" branch="False" />
            <line number="39" hits="1" branch="False" />
            <line number="40" hits="1" branch="False" />
            <line number="41" hits="1" branch="False" />
            <line number="43" hits="1" branch="False" />
            <line number="44" hits="1" branch="False" />
            <line number="45" hits="1" branch="False" />
            <line number="46" hits="2" branch="False" />
            <line number="49" hits="1" branch="False" />
            <line number="50" hits="1" branch="False" />
            <line number="51" hits="1" branch="False" />
            <line number="52" hits="1" branch="False" />
            <line number="53" hits="1" branch="False" />
            <line number="54" hits="1" branch="False" />
            <line number="57" hits="2" branch="False" />
            <line number="58" hits="2" branch="False" />
            <line number="59" hits="2" branch="True" condition-coverage="100% (2/2)">
              <conditions>
                <condition number="17" type="jump" coverage="100%" />
              </conditions>
            </line>
            <line number="60" hits="1" branch="False" />
            <line number="61" hits="1" branch="False" />
            <line number="62" hits="1" branch="False" />
            <line number="63" hits="1" branch="False" />
            <line number="64" hits="1" branch="False" />
            <line number="66" hits="1" branch="False" />
            <line number="67" hits="1" branch="False" />
            <line number="68" hits="1" branch="False" />
            <line number="69" hits="2" branch="False" />
            <line number="71" hits="36" branch="False" />
            <line number="74" hits="2" branch="False" />
            <line number="75" hits="2" branch="False" />
            <line number="76" hits="2" branch="True" condition-coverage="100% (2/2)">
              <conditions>
                <condition number="33" type="jump" coverage="100%" />
              </conditions>
            </line>
            <line number="77" hits="1" branch="False" />
            <line number="78" hits="1" branch="False" />
            <line number="79" hits="1" branch="False" />
            <line number="80" hits="1" branch="False" />
            <line number="82" hits="1" branch="False" />
            <line number="83" hits="1" branch="False" />
            <line number="84" hits="1" branch="False" />
            <line number="85" hits="2" branch="False" />
            <line number="88" hits="2" branch="False" />
            <line number="89" hits="2" branch="True" condition-coverage="100% (2/2)">
              <conditions>
                <condition number="10" type="jump" coverage="100%" />
              </conditions>
            </line>
            <line number="90" hits="1" branch="False" />
            <line number="91" hits="1" branch="False" />
            <line number="92" hits="1" branch="False" />
            <line number="93" hits="1" branch="False" />
            <line number="95" hits="1" branch="False" />
            <line number="96" hits="1" branch="False" />
            <line number="97" hits="1" branch="False" />
            <line number="98" hits="2" branch="False" />
          </lines>
        </class>
        <class name="CpuZ80.Core.Cpu" filename="Cpu.cs" line-rate="0.9758" branch-rate="0.8896999999999999" complexity="168">
          <methods>
            <method name="get_IFF1" signature="()" line-rate="1" branch-rate="1" complexity="1">
              <lines>
                <line number="12" hits="70" branch="False" />
              </lines>
            </method>
            <method name="get_IFF2" signature="()" line-rate="1" branch-rate="1" complexity="1">
              <lines>
                <line number="13" hits="36" branch="False" />
              </lines>
            </method>
            <method name="TriggerNmi" signature="()" line-rate="1" branch-rate="1" complexity="1">
              <lines>
                <line number="20" hits="4" branch="False" />
              </lines>
            </method>
            <method name="TriggerInt" signature="(System.Byte)" line-rate="1" branch-rate="1" complexity="1">
              <lines>
                <line number="21" hits="44" branch="False" />
              </lines>
            </method>
            <method name="get_A" signature="()" line-rate="1" branch-rate="1" complexity="1">
              <lines>
                <line number="30" hits="232" branch="False" />
              </lines>
            </method>
            <method name="get_F" signature="()" line-rate="1" branch-rate="1" complexity="1">
              <lines>
                <line number="31" hits="1008" branch="False" />
              </lines>
            </method>
            <method name="get_FlagC" signature="()" line-rate="1" branch-rate="1" complexity="1">
              <lines>
                <line number="34" hits="109" branch="False" />
              </lines>
            </method>
            <method name="get_FlagN" signature="()" line-rate="1" branch-rate="1" complexity="1">
              <lines>
                <line number="35" hits="88" branch="False" />
              </lines>
            </method>
            <method name="get_FlagPV" signature="()" line-rate="1" branch-rate="1" complexity="1">
              <lines>
                <line number="36" hits="73" branch="False" />
              </lines>
            </method>
            <method name="get_FlagH" signature="()" line-rate="1" branch-rate="1" complexity="1">
              <lines>
                <line number="37" hits="77" branch="False" />
              </lines>
            </method>
            <method name="get_FlagZ" signature="()" line-rate="1" branch-rate="1" complexity="1">
              <lines>
                <line number="38" hits="109" branch="False" />
              </lines>
            </method>
            <method name="get_FlagS" signature="()" line-rate="1" branch-rate="1" complexity="1">
              <lines>
                <line number="39" hits="66" branch="False" />
              </lines>
            </method>
            <method name="SetFlag" signature="(CpuZ80.Core.Z80Flags,System.Boolean)" line-rate="1" branch-rate="1" complexity="2">
              <lines>
                <line number="42" hits="379" branch="False" />
                <line number="43" hits="505" branch="True" condition-coverage="100% (2/2)">
                  <conditions>
                    <condition number="4" type="jump" coverage="100%" />
                  </conditions>
                </line>
                <line number="44" hits="253" branch="False" />
                <line number="45" hits="379" branch="False" />
              </lines>
            </method>
            <method name="get_B" signature="()" line-rate="1" branch-rate="1" complexity="1">
              <lines>
                <line number="46" hits="226" branch="False" />
              </lines>
            </method>
            <method name="get_C" signature="()" line-rate="1" branch-rate="1" complexity="1">
              <lines>
                <line number="47" hits="131" branch="False" />
              </lines>
            </method>
            <method name="get_D" signature="()" line-rate="1" branch-rate="1" complexity="1">
              <lines>
                <line number="48" hits="40" branch="False" />
              </lines>
            </method>
            <method name="get_E" signature="()" line-rate="1" branch-rate="1" complexity="1">
              <lines>
                <line number="49" hits="33" branch="False" />
              </lines>
            </method>
            <method name="get_H" signature="()" line-rate="1" branch-rate="1" complexity="1">
              <lines>
                <line number="50" hits="145" branch="False" />
              </lines>
            </method>
            <method name="get_L" signature="()" line-rate="1" branch-rate="1" complexity="1">
              <lines>
                <line number="51" hits="145" branch="False" />
              </lines>
            </method>
            <method name="get_BC" signature="()" line-rate="1" branch-rate="1" complexity="1">
              <lines>
                <line number="56" hits="204" branch="False" />
              </lines>
            </method>
            <method name="get_DE" signature="()" line-rate="1" branch-rate="1" complexity="1">
              <lines>
                <line number="57" hits="64" branch="False" />
              </lines>
            </method>
            <method name="get_HL" signature="()" line-rate="1" branch-rate="1" complexity="1">
              <lines>
                <line number="58" hits="308" branch="False" />
              </lines>
            </method>
            <method name="get_PC" signature="()" line-rate="1" branch-rate="1" complexity="1">
              <lines>
                <line number="60" hits="1022" branch="False" />
              </lines>
            </method>
            <method name="get_SP" signature="()" line-rate="1" branch-rate="1" complexity="1">
              <lines>
                <line number="61" hits="217" branch="False" />
              </lines>
            </method>
            <method name="get_TotalCycles" signature="()" line-rate="1" branch-rate="1" complexity="1">
              <lines>
                <line number="63" hits="610" branch="False" />
              </lines>
            </method>
            <method name="BuildDispatchTable" signature="()" line-rate="1" branch-rate="0.9826999999999999" complexity="58">
              <lines>
                <line number="75" hits="150" branch="False" />
                <line number="76" hits="77100" branch="True" condition-coverage="100% (2/2)">
                  <conditions>
                    <condition number="41" type="jump" coverage="100%" />
                  </conditions>
                </line>
                <line number="77" hits="38400" branch="False" />
                <line number="78" hits="38400" branch="False" />
                <line number="79" hits="38400" branch="False" />
                <line number="81" hits="150" branch="False" />
                <line number="82" hits="150" branch="False" />
                <line number="83" hits="150" branch="False" />
                <line number="84" hits="150" branch="False" />
                <line number="85" hits="150" branch="False" />
                <line number="86" hits="150" branch="False" />
                <line number="87" hits="150" branch="False" />
                <line number="88" hits="150" branch="False" />
                <line number="89" hits="156" branch="False" />
                <line number="92" hits="150" branch="False" />
                <line number="93" hits="160" branch="False" />
                <line number="96" hits="150" branch="False" />
                <line number="97" hits="150" branch="False" />
                <line number="98" hits="150" branch="False" />
                <line number="99" hits="150" branch="False" />
                <line number="102" hits="150" branch="False" />
                <line number="103" hits="150" branch="False" />
                <line number="104" hits="150" branch="False" />
                <line number="105" hits="150" branch="False" />
                <line number="108" hits="154" branch="False" />
                <line number="109" hits="150" branch="False" />
                <line number="110" hits="154" branch="False" />
                <line number="111" hits="154" branch="False" />
                <line number="114" hits="154" branch="False" />
                <line number="115" hits="154" branch="False" />
                <line number="118" hits="151" branch="False" />
                <line number="119" hits="150" branch="False" />
                <line number="120" hits="151" branch="False" />
                <line number="121" hits="151" branch="False" />
                <line number="122" hits="150" branch="False" />
                <line number="125" hits="150" branch="False" />
                <line number="126" hits="150" branch="False" />
                <line number="127" hits="154" branch="False" />
                <line number="128" hits="150" branch="False" />
                <line number="129" hits="150" branch="False" />
                <line number="130" hits="150" branch="False" />
                <line number="131" hits="150" branch="False" />
                <line number="132" hits="150" branch="False" />
                <line number="135" hits="150" branch="False" />
                <line number="136" hits="150" branch="False" />
                <line number="139" hits="150" branch="False" />
                <line number="140" hits="150" branch="False" />
                <line number="141" hits="150" branch="False" />
                <line number="142" hits="150" branch="False" />
                <line number="145" hits="154" branch="False" />
                <line number="146" hits="150" branch="False" />
                <line number="147" hits="154" branch="False" />
                <line number="148" hits="154" branch="False" />
                <line number="149" hits="158" branch="False" />
                <line number="150" hits="154" branch="False" />
                <line number="151" hits="154" branch="False" />
                <line number="152" hits="154" branch="False" />
                <line number="155" hits="2700" branch="True" condition-coverage="100% (2/2)">
                  <conditions>
                    <condition number="1220" type="jump" coverage="100%" />
                  </conditions>
                </line>
                <line number="156" hits="1200" branch="False" />
                <line number="157" hits="1200" branch="False" />
                <line number="158" hits="1216" branch="True" condition-coverage="100% (2/2)">
                  <conditions>
                    <condition number="71" type="jump" coverage="100%" />
                  </conditions>
                </line>
                <line number="159" hits="1200" branch="False" />
                <line number="162" hits="2700" branch="True" condition-coverage="100% (2/2)">
                  <conditions>
                    <condition number="1294" type="jump" coverage="100%" />
                  </conditions>
                </line>
                <line number="163" hits="1200" branch="False" />
                <line number="164" hits="1200" branch="False" />
                <line number="165" hits="1208" branch="True" condition-coverage="50% (1/2)">
                  <conditions>
                    <condition number="71" type="jump" coverage="50%" />
                  </conditions>
                </line>
                <line number="166" hits="1200" branch="False" />
                <line number="169" hits="2700" branch="True" condition-coverage="100% (2/2)">
                  <conditions>
                    <condition number="1423" type="jump" coverage="100%" />
                  </conditions>
                </line>
                <line number="170" hits="1200" branch="False" />
                <line number="171" hits="21600" branch="True" condition-coverage="100% (2/2)">
                  <conditions>
                    <condition number="1405" type="jump" coverage="100%" />
                  </conditions>
                </line>
                <line number="172" hits="9600" branch="False" />
                <line number="173" hits="9600" branch="False" />
                <line number="174" hits="9750" branch="True" condition-coverage="100% (2/2)">
                  <conditions>
                    <condition number="1345" type="jump" coverage="100%" />
                  </conditions>
                </line>
                <line number="176" hits="9450" branch="False" />
                <line number="177" hits="9450" branch="False" />
                <line number="178" hits="9494" branch="True" condition-coverage="100% (4/4)">
                  <conditions>
                    <condition number="60" type="jump" coverage="100%" />
                    <condition number="69" type="jump" coverage="100%" />
                  </conditions>
                </line>
                <line number="179" hits="9450" branch="False" />
                <line number="180" hits="1200" branch="False" />
                <line number="183" hits="2700" branch="True" condition-coverage="100% (2/2)">
                  <conditions>
                    <condition number="1499" type="jump" coverage="100%" />
                  </conditions>
                </line>
                <line number="184" hits="1200" branch="False" />
                <line number="185" hits="1200" branch="False" />
                <line number="186" hits="1226" branch="True" condition-coverage="100% (2/2)">
                  <conditions>
                    <condition number="41" type="jump" coverage="100%" />
                  </conditions>
                </line>
                <line number="187" hits="1200" branch="False" />
                <line number="190" hits="2700" branch="True" condition-coverage="100% (2/2)">
                  <conditions>
                    <condition number="1575" type="jump" coverage="100%" />
                  </conditions>
                </line>
                <line number="191" hits="1200" branch="False" />
                <line number="192" hits="1200" branch="False" />
                <line number="193" hits="1218" branch="True" condition-coverage="100% (2/2)">
                  <conditions>
                    <condition number="41" type="jump" coverage="100%" />
                  </conditions>
                </line>
                <line number="194" hits="1200" branch="False" />
                <line number="197" hits="2700" branch="True" condition-coverage="100% (2/2)">
                  <conditions>
                    <condition number="1651" type="jump" coverage="100%" />
                  </conditions>
                </line>
                <line number="198" hits="1200" branch="False" />
                <line number="199" hits="1200" branch="False" />
                <line number="200" hits="1213" branch="True" condition-coverage="100% (2/2)">
                  <conditions>
                    <condition number="41" type="jump" coverage="100%" />
                  </conditions>
                </line>
                <line number="201" hits="1200" branch="False" />
                <line number="204" hits="2700" branch="True" condition-coverage="100% (2/2)">
                  <conditions>
                    <condition number="1727" type="jump" coverage="100%" />
                  </conditions>
                </line>
                <line number="205" hits="1200" branch="False" />
                <line number="206" hits="1200" branch="False" />
                <line number="207" hits="1209" branch="True" condition-coverage="100% (2/2)">
                  <conditions>
                    <condition number="41" type="jump" coverage="100%" />
                  </conditions>
                </line>
                <line number="208" hits="1200" branch="False" />
                <line number="211" hits="2700" branch="True" condition-coverage="100% (2/2)">
                  <conditions>
                    <condition number="1803" type="jump" coverage="100%" />
                  </conditions>
                </line>
                <line number="212" hits="1200" branch="False" />
                <line number="213" hits="1200" branch="False" />
                <line number="214" hits="1209" branch="True" condition-coverage="100% (2/2)">
                  <conditions>
                    <condition number="41" type="jump" coverage="100%" />
                  </conditions>
                </line>
                <line number="215" hits="1200" branch="False" />
                <line number="218" hits="2700" branch="True" condition-coverage="100% (2/2)">
                  <conditions>
                    <condition number="1879" type="jump" coverage="100%" />
                  </conditions>
                </line>
                <line number="219" hits="1200" branch="False" />
                <line number="220" hits="1200" branch="False" />
                <line number="221" hits="1209" branch="True" condition-coverage="100% (2/2)">
                  <conditions>
                    <condition number="41" type="jump" coverage="100%" />
                  </conditions>
                </line>
                <line number="222" hits="1200" branch="False" />
                <line number="225" hits="2700" branch="True" condition-coverage="100% (2/2)">
                  <conditions>
                    <condition number="1955" type="jump" coverage="100%" />
                  </conditions>
                </line>
                <line number="226" hits="1200" branch="False" />
                <line number="227" hits="1200" branch="False" />
                <line number="228" hits="1209" branch="True" condition-coverage="100% (2/2)">
                  <conditions>
                    <condition number="41" type="jump" coverage="100%" />
                  </conditions>
                </line>
                <line number="229" hits="1200" branch="False" />
                <line number="232" hits="2700" branch="True" condition-coverage="100% (2/2)">
                  <conditions>
                    <condition number="2031" type="jump" coverage="100%" />
                  </conditions>
                </line>
                <line number="233" hits="1200" branch="False" />
                <line number="234" hits="1200" branch="False" />
                <line number="235" hits="1205" branch="True" condition-coverage="100% (2/2)">
                  <conditions>
                    <condition number="41" type="jump" coverage="100%" />
                  </conditions>
                </line>
                <line number="236" hits="1200" branch="False" />
                <line number="239" hits="150" branch="False" />
                <line number="240" hits="150" branch="False" />
                <line number="241" hits="150" branch="False" />
                <line number="242" hits="150" branch="False" />
                <line number="243" hits="150" branch="False" />
                <line number="244" hits="150" branch="False" />
                <line number="245" hits="150" branch="False" />
[...]
                <line number="116" hits="0" branch="False" />
                <line number="117" hits="0" branch="False" />
                <line number="118" hits="0" branch="False" />
                <line number="119" hits="0" branch="False" />
                <line number="120" hits="0" branch="False" />
                <line number="121" hits="0" branch="False" />
                <line number="123" hits="0" branch="False" />
              </lines>
            </method>
          </methods>
          <lines>
            <line number="6" hits="22" branch="False" />
            <line number="7" hits="22" branch="False" />
            <line number="8" hits="22" branch="False" />
            <line number="9" hits="22" branch="False" />
            <line number="10" hits="22" branch="True" condition-coverage="50% (1/2)">
              <conditions>
                <condition number="32" type="jump" coverage="50%" />
              </conditions>
            </line>
            <line number="11" hits="0" branch="False" />
            <line number="12" hits="22" branch="True" condition-coverage="100% (2/2)">
              <conditions>
                <condition number="53" type="jump" coverage="100%" />
              </conditions>
            </line>
            <line number="13" hits="1" branch="False" />
            <line number="14" hits="1" branch="False" />
            <line number="15" hits="1" branch="False" />
            <line number="16" hits="1" branch="False" />
            <line number="17" hits="1" branch="False" />
            <line number="18" hits="1" branch="False" />
            <line number="19" hits="21" branch="True" condition-coverage="100% (2/2)">
              <conditions>
                <condition number="127" type="jump" coverage="100%" />
              </conditions>
            </line>
            <line number="20" hits="1" branch="False" />
            <line number="21" hits="1" branch="False" />
            <line number="22" hits="1" branch="False" />
            <line number="23" hits="1" branch="False" />
            <line number="25" hits="20" branch="False" />
            <line number="26" hits="22" branch="False" />
            <line number="27" hits="22" branch="False" />
            <line number="28" hits="22" branch="False" />
            <line number="29" hits="22" branch="False" />
            <line number="32" hits="4" branch="False" />
            <line number="33" hits="4" branch="False" />
            <line number="34" hits="4" branch="False" />
            <line number="35" hits="4" branch="False" />
            <line number="36" hits="4" branch="True" condition-coverage="50% (1/2)">
              <conditions>
                <condition number="32" type="jump" coverage="50%" />
              </conditions>
            </line>
            <line number="37" hits="0" branch="False" />
            <line number="38" hits="4" branch="True" condition-coverage="50% (1/2)">
              <conditions>
                <condition number="53" type="jump" coverage="50%" />
              </conditions>
            </line>
            <line number="39" hits="0" branch="False" />
            <line number="40" hits="0" branch="False" />
            <line number="41" hits="0" branch="False" />
            <line number="42" hits="0" branch="False" />
            <line number="43" hits="0" branch="False" />
            <line number="44" hits="0" branch="False" />
            <line number="45" hits="4" branch="True" condition-coverage="100% (2/2)">
              <conditions>
                <condition number="127" type="jump" coverage="100%" />
              </conditions>
            </line>
            <line number="46" hits="1" branch="False" />
            <line number="47" hits="1" branch="False" />
            <line number="48" hits="1" branch="False" />
            <line number="49" hits="1" branch="False" />
            <line number="51" hits="3" branch="False" />
            <line number="52" hits="4" branch="False" />
            <line number="53" hits="4" branch="False" />
            <line number="54" hits="4" branch="False" />
            <line number="55" hits="4" branch="False" />
            <line number="58" hits="0" branch="False" />
            <line number="59" hits="0" branch="True" condition-coverage="0% (0/2)">
              <conditions>
                <condition number="8" type="jump" coverage="0%" />
              </conditions>
            </line>
            <line number="60" hits="0" branch="False" />
            <line number="61" hits="0" branch="False" />
            <line number="62" hits="0" branch="False" />
            <line number="63" hits="0" branch="False" />
            <line number="64" hits="0" branch="False" />
            <line number="65" hits="0" branch="False" />
            <line number="67" hits="0" branch="True" condition-coverage="0% (0/2)">
              <conditions>
                <condition number="80" type="jump" coverage="0%" />
              </conditions>
            </line>
            <line number="68" hits="0" branch="False" />
            <line number="69" hits="0" branch="False" />
            <line number="70" hits="0" branch="False" />
            <line number="71" hits="0" branch="True" condition-coverage="0% (0/2)">
              <conditions>
                <condition number="125" type="jump" coverage="0%" />
              </conditions>
            </line>
            <line number="72" hits="0" branch="False" />
            <line number="73" hits="0" branch="False" />
            <line number="74" hits="0" branch="True" condition-coverage="0% (0/2)">
              <conditions>
                <condition number="176" type="jump" coverage="0%" />
              </conditions>
            </line>
            <line number="75" hits="0" branch="False" />
            <line number="76" hits="0" branch="False" />
            <line number="77" hits="0" branch="False" />
            <line number="78" hits="0" branch="False" />
            <line number="79" hits="0" branch="True" condition-coverage="0% (0/2)">
              <conditions>
                <condition number="228" type="jump" coverage="0%" />
              </conditions>
            </line>
            <line number="80" hits="0" branch="False" />
            <line number="81" hits="0" branch="False" />
            <line number="82" hits="0" branch="False" />
            <line number="83" hits="0" branch="True" condition-coverage="0% (0/2)">
              <conditions>
                <condition number="272" type="jump" coverage="0%" />
              </conditions>
            </line>
            <line number="84" hits="0" branch="False" />
            <line number="85" hits="0" branch="False" />
            <line number="87" hits="0" branch="False" />
            <line number="88" hits="0" branch="False" />
            <line number="89" hits="0" branch="False" />
            <line number="90" hits="0" branch="True" condition-coverage="0% (0/2)">
              <conditions>
                <condition number="349" type="jump" coverage="0%" />
              </conditions>
            </line>
            <line number="91" hits="0" branch="False" />
            <line number="92" hits="0" branch="False" />
            <line number="93" hits="0" branch="False" />
            <line number="95" hits="20" branch="False" />
            <line number="96" hits="4" branch="False" />
            <line number="99" hits="0" branch="False" />
            <line number="100" hits="0" branch="False" />
            <line number="101" hits="0" branch="False" />
            <line number="102" hits="0" branch="False" />
            <line number="103" hits="0" branch="False" />
            <line number="104" hits="0" branch="False" />
            <line number="105" hits="0" branch="False" />
            <line number="106" hits="0" branch="False" />
            <line number="107" hits="0" branch="False" />
            <line number="110" hits="0" branch="False" />
            <line number="111" hits="0" branch="False" />
            <line number="112" hits="0" branch="True" condition-coverage="0% (0/9)">
              <conditions>
                <condition number="12" type="switch" coverage="0%" />
              </conditions>
            </line>
            <line number="114" hits="0" branch="False" />
            <line number="115" hits="0" branch="False" />
            <line number="116" hits="0" branch="False" />
            <line number="117" hits="0" branch="False" />
            <line number="118" hits="0" branch="False" />
            <line number="119" hits="0" branch="False" />
            <line number="120" hits="0" branch="False" />
            <line number="121" hits="0" branch="False" />
            <line number="123" hits="0" branch="False" />
          </lines>
        </class>
        <class name="CpuZ80.Core.Cpu" filename="Cpu.Interrupts.cs" line-rate="1" branch-rate="1" complexity="5">
          <methods>
            <method name="AcceptNmi" signature="()" line-rate="1" branch-rate="1" complexity="1">
              <lines>
                <line number="6" hits="4" branch="False" />
                <line number="7" hits="4" branch="False" />
                <line number="8" hits="4" branch="False" />
                <line number="9" hits="4" branch="False" />
                <line number="10" hits="4" branch="False" />
                <line number="11" hits="4" branch="False" />
                <line number="12" hits="4" branch="False" />
              </lines>
            </method>
            <method name="AcceptInt" signature="()" line-rate="1" branch-rate="1" complexity="4">
              <lines>
                <line number="15" hits="9" branch="False" />
                <line number="16" hits="9" branch="False" />
                <line number="17" hits="9" branch="False" />
                <line number="18" hits="9" branch="False" />
                <line number="20" hits="9" branch="True" condition-coverage="100% (4/4)">
                  <conditions>
                    <condition number="43" type="switch" coverage="100%" />
                  </conditions>
                </line>
                <line number="24" hits="6" branch="False" />
                <line number="25" hits="6" branch="False" />
                <line number="27" hits="1" branch="False" />
                <line number="28" hits="1" branch="False" />
                <line number="29" hits="1" branch="False" />
                <line number="30" hits="1" branch="False" />
                <line number="32" hits="2" branch="False" />
                <line number="33" hits="2" branch="False" />
                <line number="34" hits="2" branch="False" />
                <line number="35" hits="2" branch="False" />
                <line number="36" hits="2" branch="False" />
                <line number="37" hits="2" branch="False" />
                <line number="39" hits="9" branch="False" />
              </lines>
            </method>
          </methods>
          <lines>
            <line number="6" hits="4" branch="False" />
            <line number="7" hits="4" branch="False" />
            <line number="8" hits="4" branch="False" />
            <line number="9" hits="4" branch="False" />
            <line number="10" hits="4" branch="False" />
            <line number="11" hits="4" branch="False" />
            <line number="12" hits="4" branch="False" />
            <line number="15" hits="9" branch="False" />
            <line number="16" hits="9" branch="False" />
            <line number="17" hits="9" branch="False" />
            <line number="18" hits="9" branch="False" />
            <line number="20" hits="9" branch="True" condition-coverage="100% (4/4)">
              <conditions>
                <condition number="43" type="switch" coverage="100%" />
              </conditions>
            </line>
            <line number="24" hits="6" branch="False" />
            <line number="25" hits="6" branch="False" />
            <line number="27" hits="1" branch="False" />
            <line number="28" hits="1" branch="False" />
            <line number="29" hits="1" branch="False" />
            <line number="30" hits="1" branch="False" />
            <line number="32" hits="2" branch="False" />
            <line number="33" hits="2" branch="False" />
            <line number="34" hits="2" branch="False" />
            <line number="35" hits="2" branch="False" />
            <line number="36" hits="2" branch="False" />
            <line number="37" hits="2" branch="False" />
            <line number="39" hits="9" branch="False" />
          </lines>
        </class>
        <class name="CpuZ80.Core.Cpu" filename="Cpu.Stack.cs" line-rate="0.909" branch-rate="1" complexity="10">
          <methods>
            <method name="Push" signature="(System.UInt16)" line-rate="1" branch-rate="1" complexity="1">
              <lines>
                <line number="6" hits="26" branch="False" />
                <line number="7" hits="26" branch="False" />
                <line number="8" hits="26" branch="False" />
                <line number="9" hits="26" branch="False" />
              </lines>
            </method>
            <method name="Pop" signature="()" line-rate="1" branch-rate="1" complexity="1">
              <lines>
                <line number="12" hits="13" branch="False" />
                <line number="13" hits="13" branch="False" />
                <line number="14" hits="13" branch="False" />
                <line number="15" hits="13" branch="False" />
                <line number="16" hits="13" branch="False" />
              </lines>
            </method>
            <method name="PUSH_BC" signature="()" line-rate="1" branch-rate="1" complexity="1">
              <lines>
                <line number="19" hits="4" branch="False" />
              </lines>
            </method>
            <method name="PUSH_DE" signature="()" line-rate="0" branch-rate="1" complexity="1">
              <lines>
                <line number="20" hits="0" branch="False" />
              </lines>
            </method>
            <method name="PUSH_HL" signature="()" line-rate="1" branch-rate="1" complexity="1">
              <lines>
                <line number="21" hits="4" branch="False" />
              </lines>
            </method>
            <method name="PUSH_AF" signature="()" line-rate="1" branch-rate="1" complexity="1">
              <lines>
                <line number="22" hits="4" branch="False" />
              </lines>
            </method>
            <method name="POP_BC" signature="()" line-rate="0" branch-rate="1" complexity="1">
              <lines>
                <line number="25" hits="0" branch="False" />
              </lines>
            </method>
            <method name="POP_DE" signature="()" line-rate="1" branch-rate="1" complexity="1">
              <lines>
                <line number="26" hits="4" branch="False" />
              </lines>
            </method>
            <method name="POP_HL" signature="()" line-rate="1" branch-rate="1" complexity="1">
              <lines>
                <line number="27" hits="4" branch="False" />
              </lines>
            </method>
            <method name="POP_AF" signature="()" line-rate="1" branch-rate="1" complexity="1">
              <lines>
                <line number="29" hits="1" branch="False" />
                <line number="30" hits="1" branch="False" />
                <line number="31" hits="1" branch="False" />
                <line number="32" hits="1" branch="False" />
                <line number="33" hits="1" branch="False" />
                <line number="34" hits="1" branch="False" />
              </lines>
            </method>
          </methods>
          <lines>
            <line number="6" hits="26" branch="False" />
            <line number="7" hits="26" branch="False" />
            <line number="8" hits="26" branch="False" />
            <line number="9" hits="26" branch="False" />
            <line number="12" hits="13" branch="False" />
            <line number="13" hits="13" branch="False" />
            <line number="14" hits="13" branch="False" />
            <line number="15" hits="13" branch="False" />
            <line number="16" hits="13" branch="False" />
            <line number="19" hits="4" branch="False" />
            <line number="20" hits="0" branch="False" />
            <line number="21" hits="4" branch="False" />
            <line number="22" hits="4" branch="False" />
            <line number="25" hits="0" branch="False" />
            <line number="26" hits="4" branch="False" />
            <line number="27" hits="4" branch="False" />
            <line number="29" hits="1" branch="False" />
            <line number="30" hits="1" branch="False" />
            <line number="31" hits="1" branch="False" />
            <line number="32" hits="1" branch="False" />
            <line number="33" hits="1" branch="False" />
            <line number="34" hits="1" branch="False" />
          </lines>
        </class>
        <class name="CpuZ80.Core.Ram" filename="Ram.cs" line-rate="1" branch-rate="1" complexity="5">
          <methods>
            <method name="get_RawBytes" signature="()" line-rate="1" branch-rate="1" complexity="1">
              <lines>
                <line number="9" hits="2" branch="False" />
              </lines>
            </method>
            <method name="Read" signature="(System.UInt16)" line-rate="1" branch-rate="1" complexity="1">
              <lines>
                <line number="11" hits="466" branch="False" />
              </lines>
            </method>
            <method name="Write" signature="(System.UInt16,System.Byte)" line-rate="1" branch-rate="1" complexity="1">
              <lines>
                <line number="12" hits="148" branch="False" />
              </lines>
            </method>
            <method name="Load" signature="(System.UInt16,System.Byte[])" line-rate="1" branch-rate="1" complexity="1">
              <lines>
                <line number="15" hits="164" branch="False" />
              </lines>
            </method>
            <method name=".ctor" signature="(System.Int32)" line-rate="1" branch-rate="1" complexity="1">
              <lines>
                <line number="7" hits="310" branch="False" />
              </lines>
            </method>
          </methods>
          <lines>
            <line number="9" hits="2" branch="False" />
            <line number="11" hits="466" branch="False" />
            <line number="12" hits="148" branch="False" />
            <line number="15" hits="164" branch="False" />
            <line number="7" hits="310" branch="False" />
          </lines>
        </class>
        <class name="CpuZ80.Core.Rom" filename="Rom.cs" line-rate="1" branch-rate="1" complexity="3">
          <methods>
            <method name="Read" signature="(System.UInt16)" line-rate="1" branch-rate="1" complexity="1">
              <lines>
                <line number="9" hits="3" branch="False" />
              </lines>
            </method>
            <method name="Write" signature="(System.UInt16,System.Byte)" line-rate="1" branch-rate="1" complexity="1">
              <lines>
                <line number="11" hits="2" branch="False" />
              </lines>
            </method>
            <method name=".ctor" signature="(System.Byte[])" line-rate="1" branch-rate="1" complexity="1">
              <lines>
                <line number="7" hits="6" branch="False" />
              </lines>
            </method>
          </methods>
          <lines>
            <line number="9" hits="3" branch="False" />
            <line number="11" hits="2" branch="False" />
            <line number="7" hits="6" branch="False" />
          </lines>
        </class>
      </classes>
    </package>
  </packages>
</coverage>