<?xml version="1.0" encoding="utf-8"?>
<coverage line-rate="0.9443" branch-rate="0.8913" version="1.9" timestamp="1777664775" lines-covered="1035" lines-valid="1096" branches-covered="279" branches-valid="313">
  <sources>
    <source>C:\repos\cpuZ80\src\CpuZ80.Core\</source>
  </sources>
  <packages>
    <package name="CpuZ80.Core" line-rate="0.9443" branch-rate="0.8913" complexity="400">
      <classes>
        <class name="CpuZ80.Core.AddressDecoder" filename="AddressDecoder.cs" line-rate="1" branch-rate="1" complexity="12">
          <methods>
            <method name="Map" signature="(System.UInt16,System.UInt16,CpuZ80.Core.IBus)" line-rate="1" branch-rate="1" complexity="1">
              <lines>
                <line number="16" hits="7" branch="False" />
              </lines>
            </method>
            <method name="Read" signature="(System.UInt16)" line-rate="1" branch-rate="1" complexity="2">
              <lines>
                <line number="19" hits="5" branch="False" />
                <line number="20" hits="5" branch="False" />
                <line number="21" hits="5" branch="True" condition-coverage="100% (2/2)">
                  <conditions>
                    <condition number="22" type="jump" coverage="100%" />
                  </conditions>
                </line>
                <line number="22" hits="5" branch="False" />
              </lines>
            </method>
            <method name="Write" signature="(System.UInt16,System.Byte)" line-rate="1" branch-rate="1" complexity="2">
              <lines>
                <line number="25" hits="3" branch="False" />
                <line number="26" hits="3" branch="False" />
                <line number="27" hits="3" branch="True" condition-coverage="100% (2/2)">
                  <conditions>
                    <condition number="22" type="jump" coverage="100%" />
                  </conditions>
                </line>
                <line number="28" hits="3" branch="False" />
              </lines>
            </method>
            <method name="Resolve" signature="(System.UInt16)" line-rate="1" branch-rate="1" complexity="6">
              <lines>
                <line number="32" hits="8" branch="False" />
                <line number="33" hits="18" branch="True" condition-coverage="100% (2/2)">
                  <conditions>
                    <condition number="99" type="jump" coverage="100%" />
                  </conditions>
                </line>
                <line number="34" hits="7" branch="False" />
                <line number="35" hits="7" branch="False" />
                <line number="36" hits="7" branch="True" condition-coverage="100% (4/4)">
                  <conditions>
                    <condition number="39" type="jump" coverage="100%" />
                    <condition number="59" type="jump" coverage="100%" />
                  </conditions>
                </line>
                <line number="37" hits="6" branch="False" />
                <line number="38" hits="1" branch="False" />
                <line number="39" hits="2" branch="False" />
                <line number="40" hits="8" branch="False" />
              </lines>
            </method>
            <method name=".ctor" signature="()" line-rate="1" branch-rate="1" complexity="1">
              <lines>
                <line number="12" hits="7" branch="False" />
              </lines>
            </method>
          </methods>
          <lines>
            <line number="16" hits="7" branch="False" />
            <line number="19" hits="5" branch="False" />
            <line number="20" hits="5" branch="False" />
            <line number="21" hits="5" branch="True" condition-coverage="100% (2/2)">
              <conditions>
                <condition number="22" type="jump" coverage="100%" />
              </conditions>
            </line>
            <line number="22" hits="5" branch="False" />
            <line number="25" hits="3" branch="False" />
            <line number="26" hits="3" branch="False" />
            <line number="27" hits="3" branch="True" condition-coverage="100% (2/2)">
              <conditions>
                <condition number="22" type="jump" coverage="100%" />
              </conditions>
            </line>
            <line number="28" hits="3" branch="False" />
            <line number="32" hits="8" branch="False" />
            <line number="33" hits="18" branch="True" condition-coverage="100% (2/2)">
              <conditions>
                <condition number="99" type="jump" coverage="100%" />
              </conditions>
            </line>
            <line number="34" hits="7" branch="False" />
            <line number="35" hits="7" branch="False" />
            <line number="36" hits="7" branch="True" condition-coverage="100% (4/4)">
              <conditions>
                <condition number="39" type="jump" coverage="100%" />
                <condition number="59" type="jump" coverage="100%" />
              </conditions>
            </line>
            <line number="37" hits="6" branch="False" />
            <line number="38" hits="1" branch="False" />
            <line number="39" hits="2" branch="False" />
            <line number="40" hits="8" branch="False" />
            <line number="12" hits="7" branch="False" />
          </lines>
        </class>
        <class name="CpuZ80.Core.AddressDecoder/Mapping" filename="AddressDecoder.cs" line-rate="1" branch-rate="1" complexity="1">
          <methods>
            <method name="get_From" signature="()" line-rate="1" branch-rate="1" complexity="1">
              <lines>
                <line number="10" hits="25" branch="False" />
              </lines>
            </method>
          </methods>
          <lines>
            <line number="10" hits="25" branch="False" />
          </lines>
        </class>
        <class name="CpuZ80.Core.Cpu" filename="Cpu.Arithmetic.cs" line-rate="1" branch-rate="1" complexity="42">
          <methods>
            <method name="DoAdd" signature="(System.Byte)" line-rate="1" branch-rate="1" complexity="1">
              <lines>
                <line number="5" hits="179179" branch="False" />
              </lines>
            </method>
            <method name="DoAdc" signature="(System.Byte)" line-rate="1" branch-rate="1" complexity="1">
              <lines>
                <line number="6" hits="178948" branch="False" />
              </lines>
            </method>
            <method name="AddInternal" signature="(System.Byte,System.Boolean)" line-rate="1" branch-rate="1" complexity="4">
              <lines>
                <line number="9" hits="358127" branch="False" />
                <line number="10" hits="358127" branch="True" condition-coverage="100% (4/4)">
                  <conditions>
                    <condition number="2" type="jump" coverage="100%" />
                    <condition number="10" type="jump" coverage="100%" />
                  </conditions>
                </line>
                <line number="11" hits="358127" branch="False" />
                <line number="13" hits="358127" branch="False" />
                <line number="14" hits="358127" branch="False" />
                <line number="15" hits="358127" branch="False" />
                <line number="16" hits="358127" branch="False" />
                <line number="18" hits="358127" branch="False" />
                <line number="20" hits="358127" branch="False" />
                <line number="21" hits="358127" branch="False" />
                <line number="22" hits="358127" branch="False" />
                <line number="24" hits="358127" branch="False" />
                <line number="25" hits="358127" branch="False" />
              </lines>
            </method>
            <method name="DoInc" signature="(System.Byte)" line-rate="1" branch-rate="1" complexity="1">
              <lines>
                <line number="28" hits="1915056" branch="False" />
                <line number="29" hits="1915056" branch="False" />
                <line number="31" hits="1915056" branch="False" />
                <line number="32" hits="1915056" branch="False" />
                <line number="33" hits="1915056" branch="False" />
                <line number="34" hits="1915056" branch="False" />
                <line number="35" hits="1915056" branch="False" />
                <line number="36" hits="1915056" branch="False" />
                <line number="38" hits="1915056" branch="False" />
                <line number="39" hits="1915056" branch="False" />
              </lines>
            </method>
            <method name="DoDec" signature="(System.Byte)" line-rate="1" branch-rate="1" complexity="1">
              <lines>
                <line number="42" hits="307222622" branch="False" />
                <line number="43" hits="307222622" branch="False" />
                <line number="45" hits="307222622" branch="False" />
                <line number="46" hits="307222622" branch="False" />
                <line number="47" hits="307222622" branch="False" />
                <line number="48" hits="307222622" branch="False" />
                <line number="49" hits="307222622" branch="False" />
                <line number="50" hits="307222622" branch="False" />
                <line number="52" hits="307222622" branch="False" />
                <line number="53" hits="307222622" branch="False" />
              </lines>
            </method>
            <method name="DoSub" signature="(System.Byte)" line-rate="1" branch-rate="1" complexity="1">
              <lines>
                <line number="55" hits="178947" branch="False" />
              </lines>
            </method>
            <method name="DoSbc" signature="(System.Byte)" line-rate="1" branch-rate="1" complexity="1">
              <lines>
                <line number="56" hits="178946" branch="False" />
              </lines>
            </method>
            <method name="SubInternal" signature="(System.Byte,System.Boolean)" line-rate="1" branch-rate="1" complexity="4">
              <lines>
                <line number="59" hits="180696908" branch="False" />
                <line number="60" hits="180696908" branch="True" condition-coverage="100% (4/4)">
                  <conditions>
                    <condition number="2" type="jump" coverage="100%" />
                    <condition number="10" type="jump" coverage="100%" />
                  </conditions>
                </line>
                <line number="61" hits="180696908" branch="False" />
                <line number="63" hits="180696908" branch="False" />
                <line number="64" hits="180696908" branch="False" />
                <line number="65" hits="180696908" branch="False" />
                <line number="66" hits="180696908" branch="False" />
                <line number="68" hits="180696908" branch="False" />
                <line number="70" hits="180696908" branch="False" />
                <line number="71" hits="180696908" branch="False" />
                <line number="72" hits="180696908" branch="False" />
                <line number="74" hits="180696908" branch="False" />
                <line number="75" hits="180696908" branch="False" />
              </lines>
            </method>
            <method name="DoAdd16" signature="(System.UInt16)" line-rate="1" branch-rate="1" complexity="1">
              <lines>
                <line number="78" hits="197585950" branch="False" />
                <line number="79" hits="197585950" branch="False" />
                <line number="80" hits="197585950" branch="False" />
                <line number="82" hits="197585950" branch="False" />
                <line number="83" hits="197585950" branch="False" />
                <line number="84" hits="197585950" branch="False" />
                <line number="86" hits="197585950" branch="False" />
                <line number="87" hits="197585950" branch="False" />
                <line number="88" hits="197585950" branch="False" />
                <line number="89" hits="197585950" branch="False" />
                <line number="90" hits="197585950" branch="False" />
              </lines>
            </method>
            <method name="DoAnd" signature="(System.Byte)" line-rate="1" branch-rate="1" complexity="1">
              <lines>
                <line number="93" hits="104343003" branch="False" />
                <line number="94" hits="104343003" branch="False" />
                <line number="95" hits="104343003" branch="False" />
                <line number="96" hits="104343003" branch="False" />
                <line number="97" hits="104343003" branch="False" />
                <line number="98" hits="104343003" branch="False" />
                <line number="99" hits="104343003" branch="False" />
                <line number="100" hits="104343003" branch="False" />
              </lines>
            </method>
            <method name="DoOr" signature="(System.Byte)" line-rate="1" branch-rate="1" complexity="1">
              <lines>
                <line number="103" hits="183010" branch="False" />
                <line number="104" hits="183010" branch="False" />
                <line number="105" hits="183010" branch="False" />
                <line number="106" hits="183010" branch="False" />
                <line number="107" hits="183010" branch="False" />
                <line number="108" hits="183010" branch="False" />
                <line number="109" hits="183010" branch="False" />
                <line number="110" hits="183010" branch="False" />
              </lines>
            </method>
            <method name="DoXor" signature="(System.Byte)" line-rate="1" branch-rate="1" complexity="1">
              <lines>
                <line number="113" hits="269758562" branch="False" />
                <line number="114" hits="269758562" branch="False" />
                <line number="115" hits="269758562" branch="False" />
                <line number="116" hits="269758562" branch="False" />
                <line number="117" hits="269758562" branch="False" />
                <line number="118" hits="269758562" branch="False" />
                <line number="119" hits="269758562" branch="False" />
                <line number="120" hits="269758562" branch="False" />
              </lines>
            </method>
            <method name="DoCp" signature="(System.Byte)" line-rate="1" branch-rate="1" complexity="1">
              <lines>
                <line number="123" hits="180322631" branch="False" />
                <line number="124" hits="180322631" branch="False" />
                <line number="125" hits="180322631" branch="False" />
                <line number="126" hits="180322631" branch="False" />
                <line number="127" hits="180322631" branch="False" />
                <line number="128" hits="180322631" branch="False" />
              </lines>
            </method>
            <method name="SetLogicFlags" signature="(System.Byte)" line-rate="1" branch-rate="1" complexity="1">
              <lines>
                <line number="131" hits="374299626" branch="False" />
                <line number="132" hits="374299626" branch="False" />
                <line number="133" hits="374299626" branch="False" />
                <line number="134" hits="374299626" branch="False" />
                <line number="135" hits="374299626" branch="False" />
                <line number="136" hits="374299626" branch="False" />
              </lines>
            </method>
            <method name="GetParity" signature="(System.Byte)" line-rate="1" branch-rate="1" complexity="4">
              <lines>
                <line number="139" hits="374316011" branch="False" />
                <line number="140" hits="374316011" branch="False" />
                <line number="141" hits="2147483647" branch="True" condition-coverage="100% (2/2)">
                  <conditions>
                    <condition number="36" type="jump" coverage="100%" />
                  </conditions>
                </line>
                <line number="142" hits="2147483647" branch="True" condition-coverage="100% (2/2)">
                  <conditions>
                    <condition number="20" type="jump" coverage="100%" />
                  </conditions>
                </line>
                <line number="143" hits="374316011" branch="False" />
                <line number="144" hits="374316011" branch="False" />
              </lines>
            </method>
            <method name="RLCA" signature="()" line-rate="1" branch-rate="1" complexity="2">
              <lines>
                <line number="147" hits="98523582" branch="False" />
                <line number="148" hits="98523582" branch="False" />
                <line number="149" hits="98523582" branch="True" condition-coverage="100% (2/2)">
                  <conditions>
                    <condition number="38" type="jump" coverage="100%" />
                  </conditions>
                </line>
                <line number="150" hits="98523582" branch="False" />
                <line number="151" hits="98523582" branch="False" />
                <line number="152" hits="98523582" branch="False" />
                <line number="153" hits="98523582" branch="False" />
                <line number="154" hits="98523582" branch="False" />
              </lines>
            </method>
            <method name="RRCA" signature="()" line-rate="1" branch-rate="1" complexity="2">
              <lines>
                <line number="157" hits="238251090" branch="False" />
                <line number="158" hits="238251090" branch="False" />
                <line number="159" hits="238251090" branch="True" condition-coverage="100% (2/2)">
                  <conditions>
                    <condition number="34" type="jump" coverage="100%" />
                  </conditions>
                </line>
                <line number="160" hits="238251090" branch="False" />
                <line number="161" hits="238251090" branch="False" />
                <line number="162" hits="238251090" branch="False" />
                <line number="163" hits="238251090" branch="False" />
                <line number="164" hits="238251090" branch="False" />
              </lines>
            </method>
            <method name="RLA" signature="()" line-rate="1" branch-rate="1" complexity="2">
              <lines>
                <line number="167" hits="1792" branch="False" />
                <line number="168" hits="1792" branch="False" />
                <line number="169" hits="1792" branch="False" />
                <line number="170" hits="1792" branch="True" condition-coverage="100% (2/2)">
                  <conditions>
                    <condition number="40" type="jump" coverage="100%" />
                  </conditions>
                </line>
                <line number="171" hits="1792" branch="False" />
                <line number="172" hits="1792" branch="False" />
                <line number="173" hits="1792" branch="False" />
                <line number="174" hits="1792" branch="False" />
                <line number="175" hits="1792" branch="False" />
              </lines>
            </method>
            <method name="RRA" signature="()" line-rate="1" branch-rate="1" complexity="2">
              <lines>
                <line number="178" hits="1792" branch="False" />
                <line number="179" hits="1792" branch="False" />
                <line number="180" hits="1792" branch="False" />
                <line number="181" hits="1792" branch="True" condition-coverage="100% (2/2)">
                  <conditions>
                    <condition number="36" type="jump" coverage="100%" />
                  </conditions>
                </line>
                <line number="182" hits="1792" branch="False" />
                <line number="183" hits="1792" branch="False" />
                <line number="184" hits="1792" branch="False" />
                <line number="185" hits="1792" branch="False" />
                <line number="186" hits="1792" branch="False" />
              </lines>
            </method>
            <method name="DAA" signature="()" line-rate="1" branch-rate="1" complexity="10">
              <lines>
                <line number="189" hits="16384" branch="False" />
                <line number="190" hits="16384" branch="False" />
                <line number="191" hits="16384" branch="False" />
                <line number="192" hits="27648" branch="True" condition-coverage="100% (4/4)">
                  <conditions>
                    <condition number="16" type="jump" coverage="100%" />
                    <condition number="36" type="jump" coverage="100%" />
                  </conditions>
                </line>
                <line number="193" hits="16384" branch="True" condition-coverage="100% (4/4)">
                  <conditions>
                    <condition number="49" type="jump" coverage="100%" />
                    <condition number="69" type="jump" coverage="100%" />
                  </conditions>
                </line>
                <line number="194" hits="11456" branch="False" />
                <line number="195" hits="11456" branch="False" />
                <line number="196" hits="11456" branch="False" />
                <line number="197" hits="11456" branch="False" />
                <line number="199" hits="16384" branch="True" condition-coverage="100% (2/2)">
                  <conditions>
                    <condition number="97" type="jump" coverage="100%" />
                  </conditions>
                </line>
                <line number="200" hits="8192" branch="False" />
                <line number="201" hits="8192" branch="False" />
                <line number="202" hits="8192" branch="False" />
                <line number="203" hits="8192" branch="False" />
                <line number="205" hits="8192" branch="False" />
                <line number="206" hits="8192" branch="False" />
                <line number="207" hits="8192" branch="False" />
                <line number="208" hits="8192" branch="False" />
                <line number="210" hits="16384" branch="False" />
                <line number="211" hits="16384" branch="False" />
                <line number="212" hits="16384" branch="False" />
                <line number="213" hits="16384" branch="False" />
                <line number="214" hits="16384" branch="False" />
                <line number="215" hits="16384" branch="False" />
              </lines>
            </method>
          </methods>
          <lines>
            <line number="5" hits="179179" branch="False" />
            <line number="6" hits="178948" branch="False" />
            <line number="9" hits="358127" branch="False" />
            <line number="10" hits="358127" branch="True" condition-coverage="100% (4/4)">
              <conditions>
                <condition number="2" type="jump" coverage="100%" />
                <condition number="10" type="jump" coverage="100%" />
              </conditions>
            </line>
            <line number="11" hits="358127" branch="False" />
            <line number="13" hits="358127" branch="False" />
            <line number="14" hits="358127" branch="False" />
            <line number="15" hits="358127" branch="False" />
            <line number="16" hits="358127" branch="False" />
            <line number="18" hits="358127" branch="False" />
            <line number="20" hits="358127" branch="False" />
            <line number="21" hits="358127" branch="False" />
            <line number="22" hits="358127" branch="False" />
            <line number="24" hits="358127" branch="False" />
            <line number="25" hits="358127" branch="False" />
            <line number="28" hits="1915056" branch="False" />
            <line number="29" hits="1915056" branch="False" />
            <line number="31" hits="1915056" branch="False" />
            <line number="32" hits="1915056" branch="False" />
            <line number="33" hits="1915056" branch="False" />
            <line number="34" hits="1915056" branch="False" />
            <line number="35" hits="1915056" branch="False" />
            <line number="36" hits="1915056" branch="False" />
            <line number="38" hits="1915056" branch="False" />
            <line number="39" hits="1915056" branch="False" />
            <line number="42" hits="307222622" branch="False" />
            <line number="43" hits="307222622" branch="False" />
            <line number="45" hits="307222622" branch="False" />
            <line number="46" hits="307222622" branch="False" />
            <line number="47" hits="307222622" branch="False" />
            <line number="48" hits="307222622" branch="False" />
            <line number="49" hits="307222622" branch="False" />
            <line number="50" hits="307222622" branch="False" />
            <line number="52" hits="307222622" branch="False" />
            <line number="53" hits="307222622" branch="False" />
            <line number="55" hits="178947" branch="False" />
            <line number="56" hits="178946" branch="False" />
            <line number="59" hits="180696908" branch="False" />
            <line number="60" hits="180696908" branch="True" condition-coverage="100% (4/4)">
              <conditions>
                <condition number="2" type="jump" coverage="100%" />
                <condition number="10" type="jump" coverage="100%" />
              </conditions>
            </line>
            <line number="61" hits="180696908" branch="False" />
            <line number="63" hits="180696908" branch="False" />
            <line number="64" hits="180696908" branch="False" />
            <line number="65" hits="180696908" branch="False" />
            <line number="66" hits="180696908" branch="False" />
            <line number="68" hits="180696908" branch="False" />
            <line number="70" hits="180696908" branch="False" />
            <line number="71" hits="180696908" branch="False" />
            <line number="72" hits="180696908" branch="False" />
            <line number="74" hits="180696908" branch="False" />
            <line number="75" hits="180696908" branch="False" />
            <line number="78" hits="197585950" branch="False" />
            <line number="79" hits="197585950" branch="False" />
            <line number="80" hits="197585950" branch="False" />
            <line number="82" hits="197585950" branch="False" />
            <line number="83" hits="197585950" branch="False" />
            <line number="84" hits="197585950" branch="False" />
            <line number="86" hits="197585950" branch="False" />
            <line number="87" hits="197585950" branch="False" />
            <line number="88" hits="197585950" branch="False" />
            <line number="89" hits="197585950" branch="False" />
            <line number="90" hits="197585950" branch="False" />
            <line number="93" hits="104343003" branch="False" />
            <line number="94" hits="104343003" branch="False" />
            <line number="95" hits="104343003" branch="False" />
            <line number="96" hits="104343003" branch="False" />
            <line number="97" hits="104343003" branch="False" />
            <line number="98" hits="104343003" branch="False" />
            <line number="99" hits="104343003" branch="False" />
            <line number="100" hits="104343003" branch="False" />
            <line number="103" hits="183010" branch="False" />
            <line number="104" hits="183010" branch="False" />
            <line number="105" hits="183010" branch="False" />
            <line number="106" hits="183010" branch="False" />
            <line number="107" hits="183010" branch="False" />
            <line number="108" hits="183010" branch="False" />
            <line number="109" hits="183010" branch="False" />
            <line number="110" hits="183010" branch="False" />
            <line number="113" hits="269758562" branch="False" />
            <line number="114" hits="269758562" branch="False" />
            <line number="115" hits="269758562" branch="False" />
            <line number="116" hits="269758562" branch="False" />
            <line number="117" hits="269758562" branch="False" />
            <line number="118" hits="269758562" branch="False" />
            <line number="119" hits="269758562" branch="False" />
            <line number="120" hits="269758562" branch="False" />
            <line number="123" hits="180322631" branch="False" />
            <line number="124" hits="180322631" branch="False" />
            <line number="125" hits="180322631" branch="False" />
            <line number="126" hits="180322631" branch="False" />
            <line number="127" hits="180322631" branch="False" />
            <line number="128" hits="180322631" branch="False" />
            <line number="131" hits="374299626" branch="False" />
            <line number="132" hits="374299626" branch="False" />
            <line number="133" hits="374299626" branch="False" />
            <line number="134" hits="374299626" branch="False" />
            <line number="135" hits="374299626" branch="False" />
            <line number="136" hits="374299626" branch="False" />
            <line number="139" hits="374316011" branch="False" />
            <line number="140" hits="374316011" branch="False" />
            <line number="141" hits="2147483647" branch="True" condition-coverage="100% (2/2)">
              <conditions>
                <condition number="36" type="jump" coverage="100%" />
              </conditions>
            </line>
            <line number="142" hits="2147483647" branch="True" condition-coverage="100% (2/2)">
              <conditions>
                <condition number="20" type="jump" coverage="100%" />
              </conditions>
            </line>
            <line number="143" hits="374316011" branch="False" />
            <line number="144" hits="374316011" branch="False" />
            <line number="147" hits="98523582" branch="False" />
            <line number="148" hits="98523582" branch="False" />
            <line number="149" hits="98523582" branch="True" condition-coverage="100% (2/2)">
              <conditions>
                <condition number="38" type="jump" coverage="100%" />
              </conditions>
            </line>
            <line number="150" hits="98523582" branch="False" />
            <line number="151" hits="98523582" branch="False" />
            <line number="152" hits="98523582" branch="False" />
            <line number="153" hits="98523582" branch="False" />
            <line number="154" hits="98523582" branch="False" />
            <line number="157" hits="238251090" branch="False" />
            <line number="158" hits="238251090" branch="False" />
            <line number="159" hits="238251090" branch="True" condition-coverage="100% (2/2)">
              <conditions>
                <condition number="34" type="jump" coverage="100%" />
              </conditions>
            </line>
            <line number="160" hits="238251090" branch="False" />
            <line number="161" hits="238251090" branch="False" />
            <line number="162" hits="238251090" branch="False" />
            <line number="163" hits="238251090" branch="False" />
            <line number="164" hits="238251090" branch="False" />
            <line number="167" hits="1792" branch="False" />
            <line number="168" hits="1792" branch="False" />
            <line number="169" hits="1792" branch="False" />
            <line number="170" hits="1792" branch="True" condition-coverage="100% (2/2)">
              <conditions>
                <condition number="40" type="jump" coverage="100%" />
              </conditions>
            </line>
            <line number="171" hits="1792" branch="False" />
            <line number="172" hits="1792" branch="False" />
            <line number="173" hits="1792" branch="False" />
            <line number="174" hits="1792" branch="False" />
            <line number="175" hits="1792" branch="False" />
            <line number="178" hits="1792" branch="False" />
            <line number="179" hits="1792" branch="False" />
            <line number="180" hits="1792" branch="False" />
            <line number="181" hits="1792" branch="True" condition-coverage="100% (2/2)">
              <conditions>
                <condition number="36" type="jump" coverage="100%" />
              </conditions>
            </line>
            <line number="182" hits="1792" branch="False" />
            <line number="183" hits="1792" branch="False" />
            <line number="184" hits="1792" branch="False" />
            <line number="185" hits="1792" branch="False" />
            <line number="186" hits="1792" branch="False" />
            <line number="189" hits="16384" branch="False" />
            <line number="190" hits="16384" branch="False" />
            <line number="191" hits="16384" branch="False" />
            <line number="192" hits="27648" branch="True" condition-coverage="100% (4/4)">
              <conditions>
                <condition number="16" type="jump" coverage="100%" />
                <condition number="36" type="jump" coverage="100%" />
              </conditions>
            </line>
            <line number="193" hits="16384" branch="True" condition-coverage="100% (4/4)">
              <conditions>
                <condition number="49" type="jump" coverage="100%" />
                <condition number="69" type="jump" coverage="100%" />
              </conditions>
            </line>
            <line number="194" hits="11456" branch="False" />
            <line number="195" hits="11456" branch="False" />
            <line number="196" hits="11456" branch="False" />
            <line number="197" hits="11456" branch="False" />
            <line number="199" hits="16384" branch="True" condition-coverage="100% (2/2)">
              <conditions>
                <condition number="97" type="jump" coverage="100%" />
              </conditions>
            </line>
            <line number="200" hits="8192" branch="False" />
            <line number="201" hits="8192" branch="False" />
            <line number="202" hits="8192" branch="False" />
            <line number="203" hits="8192" branch="False" />
            <line number="205" hits="8192" branch="False" />
            <line number="206" hits="8192" branch="False" />
            <line number="207" hits="8192" branch="False" />
            <line number="208" hits="8192" branch="False" />
            <line number="210" hits="16384" branch="False" />
            <line number="211" hits="16384" branch="False" />
            <line number="212" hits="16384" branch="False" />
            <line number="213" hits="16384" branch="False" />
            <line number="214" hits="16384" branch="False" />
            <line number="215" hits="16384" branch="False" />
          </lines>
        </class>
        <class name="CpuZ80.Core.Cpu" filename="Cpu.Bitwise.cs" line-rate="1" branch-rate="1" complexity="37">
          <methods>
            <method name="BuildCbDispatchTable" signature="()" line-rate="1" branch-rate="1" complexity="16">
              <lines>
                <line number="8" hits="151" branch="False" />
                <line number="9" hits="77614" branch="True" condition-coverage="100% (2/2)">
                  <conditions>
                    <condition number="220" type="jump" coverage="100%" />
                  </conditions>
                </line>
                <line number="10" hits="38656" branch="False" />
                <line number="11" hits="38656" branch="False" />
                <line number="12" hits="38656" branch="False" />
                <line number="13" hits="38656" branch="False" />
                <line number="15" hits="38656" branch="True" condition-coverage="100% (2/2)">
                  <conditions>
                    <condition number="51" type="jump" coverage="100%" />
                  </conditions>
                </line>
                <line number="16" hits="9664" branch="False" />
                <line number="17" hits="9664" branch="False" />
                <line number="18" hits="37352" branch="True" condition-coverage="100% (2/2)">
                  <conditions>
                    <condition number="117" type="jump" coverage="100%" />
                  </conditions>
                </line>
                <line number="19" hits="9664" branch="False" />
                <line number="20" hits="28992" branch="True" condition-coverage="100% (2/2)">
                  <conditions>
                    <condition number="117" type="jump" coverage="100%" />
                  </conditions>
                </line>
                <line number="21" hits="9664" branch="False" />
                <line number="22" hits="210376" branch="True" condition-coverage="100% (2/2)">
                  <conditions>
                    <condition number="60" type="jump" coverage="100%" />
                  </conditions>
                </line>
                <line number="23" hits="9664" branch="False" />
                <line number="24" hits="19328" branch="True" condition-coverage="100% (2/2)">
                  <conditions>
                    <condition number="155" type="jump" coverage="100%" />
                  </conditions>
                </line>
                <line number="25" hits="9664" branch="False" />
                <line number="26" hits="23748" branch="True" condition-coverage="100% (2/2)">
                  <conditions>
                    <condition number="74" type="jump" coverage="100%" />
                  </conditions>
                </line>
                <line number="27" hits="9664" branch="False" />
                <line number="29" hits="9664" branch="False" />
                <line number="30" hits="23748" branch="True" condition-coverage="100% (2/2)">
                  <conditions>
                    <condition number="73" type="jump" coverage="100%" />
                  </conditions>
                </line>
                <line number="31" hits="9664" branch="False" />
                <line number="32" hits="38656" branch="False" />
                <line number="33" hits="151" branch="False" />
              </lines>
            </method>
            <method name="DoShift" signature="(System.Int32,System.Byte)" line-rate="1" branch-rate="1" complexity="17">
              <lines>
                <line number="36" hits="7370" branch="False" />
                <line number="37" hits="7370" branch="False" />
                <line number="38" hits="7370" branch="False" />
                <line number="40" hits="7370" branch="True" condition-coverage="100% (9/9)">
                  <conditions>
                    <condition number="15" type="switch" coverage="100%" />
                  </conditions>
                </line>
                <line number="43" hits="921" branch="False" />
                <line number="44" hits="921" branch="True" condition-coverage="100% (2/2)">
                  <conditions>
                    <condition number="83" type="jump" coverage="100%" />
                  </conditions>
                </line>
                <line number="45" hits="921" branch="False" />
                <line number="47" hits="921" branch="False" />
                <line number="48" hits="921" branch="True" condition-coverage="100% (2/2)">
                  <conditions>
                    <condition number="119" type="jump" coverage="100%" />
                  </conditions>
                </line>
                <line number="49" hits="921" branch="False" />
                <line number="51" hits="922" branch="False" />
                <line number="52" hits="922" branch="True" condition-coverage="100% (2/2)">
                  <conditions>
                    <condition number="158" type="jump" coverage="100%" />
                  </conditions>
                </line>
                <line number="53" hits="922" branch="False" />
                <line number="55" hits="922" branch="False" />
                <line number="56" hits="922" branch="True" condition-coverage="100% (2/2)">
                  <conditions>
                    <condition number="189" type="jump" coverage="100%" />
                  </conditions>
                </line>
                <line number="57" hits="922" branch="False" />
                <line number="59" hits="921" branch="False" />
                <line number="60" hits="921" branch="False" />
                <line number="61" hits="921" branch="False" />
                <line number="63" hits="921" branch="False" />
                <line number="64" hits="921" branch="False" />
                <line number="65" hits="921" branch="False" />
                <line number="67" hits="921" branch="False" />
                <line number="68" hits="921" branch="False" />
                <line number="69" hits="921" branch="False" />
                <line number="71" hits="921" branch="False" />
                <line number="72" hits="921" branch="False" />
                <line number="73" hits="921" branch="False" />
                <line number="76" hits="7370" branch="False" />
                <line number="77" hits="7370" branch="False" />
                <line number="78" hits="7370" branch="False" />
                <line number="79" hits="7370" branch="False" />
                <line number="80" hits="7370" branch="False" />
              </lines>
            </method>
            <method name="DoBit" signature="(System.Int32,System.Byte)" line-rate="1" branch-rate="1" complexity="2">
              <lines>
                <line number="83" hits="52482" branch="False" />
                <line number="84" hits="52482" branch="False" />
                <line number="85" hits="52482" branch="False" />
                <line number="86" hits="52482" branch="False" />
                <line number="87" hits="52482" branch="True" condition-coverage="100% (2/2)">
                  <conditions>
                    <condition number="38" type="jump" coverage="100%" />
                  </conditions>
                </line>
                <line number="89" hits="52482" branch="False" />
                <line number="90" hits="52482" branch="False" />
              </lines>
            </method>
            <method name="HandleCB" signature="()" line-rate="1" branch-rate="1" complexity="1">
              <lines>
                <line number="93" hits="64142" branch="False" />
                <line number="94" hits="64142" branch="False" />
                <line number="95" hits="64142" branch="False" />
                <line number="96" hits="64142" branch="False" />
              </lines>
            </method>
            <method name=".ctor" signature="(CpuZ80.Core.IBus,CpuZ80.Core.IPortBus)" line-rate="1" branch-rate="1" complexity="1">
              <lines>
                <line number="5" hits="151" branch="False" />
              </lines>
            </method>
          </methods>
          <lines>
            <line number="8" hits="151" branch="False" />
            <line number="9" hits="77614" branch="True" condition-coverage="100% (2/2)">
              <conditions>
                <condition number="220" type="jump" coverage="100%" />
              </conditions>
            </line>
            <line number="10" hits="38656" branch="False" />
            <line number="11" hits="38656" branch="False" />
            <line number="12" hits="38656" branch="False" />
            <line number="13" hits="38656" branch="False" />
            <line number="15" hits="38656" branch="True" condition-coverage="100% (2/2)">
              <conditions>
                <condition number="51" type="jump" coverage="100%" />
              </conditions>
            </line>
            <line number="16" hits="9664" branch="False" />
            <line number="17" hits="9664" branch="False" />
            <line number="18" hits="37352" branch="True" condition-coverage="100% (2/2)">
              <conditions>
                <condition number="117" type="jump" coverage="100%" />
              </conditions>
            </line>
            <line number="19" hits="9664" branch="False" />
            <line number="20" hits="28992" branch="True" condition-coverage="100% (2/2)">
              <conditions>
                <condition number="117" type="jump" coverage="100%" />
              </conditions>
            </line>
            <line number="21" hits="9664" branch="False" />
            <line number="22" hits="210376" branch="True" condition-coverage="100% (2/2)">
              <conditions>
                <condition number="60" type="jump" coverage="100%" />
              </conditions>
            </line>
            <line number="23" hits="9664" branch="False" />
            <line number="24" hits="19328" branch="True" condition-coverage="100% (2/2)">
              <conditions>
                <condition number="155" type="jump" coverage="100%" />
              </conditions>
            </line>
            <line number="25" hits="9664" branch="False" />
            <line number="26" hits="23748" branch="True" condition-coverage="100% (2/2)">
              <conditions>
                <condition number="74" type="jump" coverage="100%" />
              </conditions>
            </line>
            <line number="27" hits="9664" branch="False" />
            <line number="29" hits="9664" branch="False" />
            <line number="30" hits="23748" branch="True" condition-coverage="100% (2/2)">
              <conditions>
                <condition number="73" type="jump" coverage="100%" />
              </conditions>
            </line>
            <line number="31" hits="9664" branch="False" />
            <line number="32" hits="38656" branch="False" />
            <line number="33" hits="151" branch="False" />
            <line number="36" hits="7370" branch="False" />
            <line number="37" hits="7370" branch="False" />
            <line number="38" hits="7370" branch="False" />
            <line number="40" hits="7370" branch="True" condition-coverage="100% (9/9)">
              <conditions>
                <condition number="15" type="switch" coverage="100%" />
              </conditions>
            </line>
            <line number="43" hits="921" branch="False" />
            <line number="44" hits="921" branch="True" condition-coverage="100% (2/2)">
              <conditions>
                <condition number="83" type="jump" coverage="100%" />
              </conditions>
            </line>
            <line number="45" hits="921" branch="False" />
            <line number="47" hits="921" branch="False" />
            <line number="48" hits="921" branch="True" condition-coverage="100% (2/2)">
              <conditions>
                <condition number="119" type="jump" coverage="100%" />
              </conditions>
            </line>
            <line number="49" hits="921" branch="False" />
            <line number="51" hits="922" branch="False" />
            <line number="52" hits="922" branch="True" condition-coverage="100% (2/2)">
              <conditions>
                <condition number="158" type="jump" coverage="100%" />
              </conditions>
            </line>
            <line number="53" hits="922" branch="False" />
            <line number="55" hits="922" branch="False" />
            <line number="56" hits="922" branch="True" condition-coverage="100% (2/2)">
              <conditions>
                <condition number="189" type="jump" coverage="100%" />
              </conditions>
            </line>
            <line number="57" hits="922" branch="False" />
            <line number="59" hits="921" branch="False" />
            <line number="60" hits="921" branch="False" />
            <line number="61" hits="921" branch="False" />
            <line number="63" hits="921" branch="False" />
            <line number="64" hits="921" branch="False" />
            <line number="65" hits="921" branch="False" />
            <line number="67" hits="921" branch="False" />
            <line number="68" hits="921" branch="False" />
            <line number="69" hits="921" branch="False" />
            <line number="71" hits="921" branch="False" />
            <line number="72" hits="921" branch="False" />
            <line number="73" hits="921" branch="False" />
            <line number="76" hits="7370" branch="False" />
            <line number="77" hits="7370" branch="False" />
            <line number="78" hits="7370" branch="False" />
            <line number="79" hits="7370" branch="False" />
            <line number="80" hits="7370" branch="False" />
            <line number="83" hits="52482" branch="False" />
            <line number="84" hits="52482" branch="False" />
            <line number="85" hits="52482" branch="False" />
            <line number="86" hits="52482" branch="False" />
            <line number="87" hits="52482" branch="True" condition-coverage="100% (2/2)">
              <conditions>
                <condition number="38" type="jump" coverage="100%" />
              </conditions>
            </line>
            <line number="89" hits="52482" branch="False" />
            <line number="90" hits="52482" branch="False" />
            <line number="93" hits="64142" branch="False" />
            <line number="94" hits="64142" branch="False" />
            <line number="95" hits="64142" branch="False" />
            <line number="96" hits="64142" branch="False" />
            <line number="5" hits="151" branch="False" />
          </lines>
        </class>
        <class name="CpuZ80.Core.Cpu" filename="Cpu.ControlFlow.cs" line-rate="0.9864" branch-rate="0.9473" complexity="23">
          <methods>
            <method name="CheckCondition" signature="(System.Int32)" line-rate="0.9166" branch-rate="0.8887999999999999" complexity="9">
              <lines>
                <line number="5" hits="711772878" branch="True" condition-coverage="88.88% (8/9)">
                  <conditions>
                    <condition number="5" type="switch" coverage="88.88%" />
                  </conditions>
                </line>
                <line number="6" hits="711772878" branch="False" />
                <line number="7" hits="411362839" branch="False" />
                <line number="8" hits="181285583" branch="False" />
                <line number="9" hits="1" branch="False" />
                <line number="10" hits="119124449" branch="False" />
                <line number="11" hits="1" branch="False" />
                <line number="12" hits="1" branch="False" />
                <line number="13" hits="2" branch="False" />
                <line number="14" hits="2" branch="False" />
                <line number="15" hits="0" branch="False" />
                <line number="16" hits="711772878" branch="False" />
              </lines>
            </method>
            <method name="JP_nn" signature="()" line-rate="1" branch-rate="1" complexity="1">
              <lines>
                <line number="18" hits="7562720" branch="False" />
              </lines>
            </method>
            <method name="JP_cc_nn" signature="(System.Int32)" line-rate="1" branch-rate="1" complexity="2">
              <lines>
                <line number="21" hits="490388465" branch="False" />
                <line number="22" hits="490388465" branch="False" />
                <line number="23" hits="900859006" branch="True" condition-coverage="100% (2/2)">
                  <conditions>
                    <condition number="17" type="jump" coverage="100%" />
                  </conditions>
                </line>
                <line number="24" hits="490388465" branch="False" />
                <line number="25" hits="490388465" branch="False" />
              </lines>
            </method>
            <method name="JR_e" signature="()" line-rate="1" branch-rate="1" complexity="1">
              <lines>
                <line number="28" hits="2" branch="False" />
                <line number="29" hits="2" branch="False" />
                <line number="30" hits="2" branch="False" />
                <line number="31" hits="2" branch="False" />
                <line number="32" hits="2" branch="False" />
              </lines>
            </method>
            <method name="JR_cc_e" signature="(System.Int32)" line-rate="1" branch-rate="1" complexity="2">
              <lines>
                <line number="35" hits="2" branch="False" />
                <line number="36" hits="2" branch="False" />
                <line number="37" hits="2" branch="True" condition-coverage="100% (2/2)">
                  <conditions>
                    <condition number="18" type="jump" coverage="100%" />
                  </conditions>
                </line>
                <line number="38" hits="1" branch="False" />
                <line number="39" hits="1" branch="False" />
                <line number="40" hits="1" branch="False" />
                <line number="41" hits="1" branch="False" />
                <line number="43" hits="1" branch="False" />
                <line number="44" hits="1" branch="False" />
                <line number="45" hits="1" branch="False" />
                <line number="46" hits="2" branch="False" />
              </lines>
            </method>
            <method name="CALL_nn" signature="()" line-rate="1" branch-rate="1" complexity="1">
              <lines>
                <line number="49" hits="73349928" branch="False" />
                <line number="50" hits="73349928" branch="False" />
                <line number="51" hits="73349928" branch="False" />
                <line number="52" hits="73349928" branch="False" />
                <line number="53" hits="73349928" branch="False" />
                <line number="54" hits="73349928" branch="False" />
              </lines>
            </method>
            <method name="CALL_cc_nn" signature="(System.Int32)" line-rate="1" branch-rate="1" complexity="2">
              <lines>
                <line number="57" hits="122885915" branch="False" />
                <line number="58" hits="122885915" branch="False" />
                <line number="59" hits="122885915" branch="True" condition-coverage="100% (2/2)">
                  <conditions>
                    <condition number="17" type="jump" coverage="100%" />
                  </conditions>
                </line>
                <line number="60" hits="100380565" branch="False" />
                <line number="61" hits="100380565" branch="False" />
                <line number="62" hits="100380565" branch="False" />
                <line number="63" hits="100380565" branch="False" />
                <line number="64" hits="100380565" branch="False" />
                <line number="66" hits="22505350" branch="False" />
                <line number="67" hits="22505350" branch="False" />
                <line number="68" hits="22505350" branch="False" />
                <line number="69" hits="122885915" branch="False" />
              </lines>
            </method>
            <method name="RET" signature="()" line-rate="1" branch-rate="1" complexity="1">
              <lines>
                <line number="71" hits="356389748" branch="False" />
              </lines>
            </method>
            <method name="DJNZ" signature="()" line-rate="1" branch-rate="1" complexity="2">
              <lines>
                <line number="74" hits="2" branch="False" />
                <line number="75" hits="2" branch="False" />
                <line number="76" hits="2" branch="True" condition-coverage="100% (2/2)">
                  <conditions>
                    <condition number="33" type="jump" coverage="100%" />
                  </conditions>
                </line>
                <line number="77" hits="1" branch="False" />
                <line number="78" hits="1" branch="False" />
                <line number="79" hits="1" branch="False" />
                <line number="80" hits="1" branch="False" />
                <line number="82" hits="1" branch="False" />
                <line number="83" hits="1" branch="False" />
                <line number="84" hits="1" branch="False" />
                <line number="85" hits="2" branch="False" />
              </lines>
            </method>
            <method name="RET_cc" signature="(System.Int32)" line-rate="1" branch-rate="1" complexity="2">
              <lines>
                <line number="88" hits="98498496" branch="False" />
                <line number="89" hits="98498496" branch="True" condition-coverage="100% (2/2)">
                  <conditions>
                    <condition number="10" type="jump" coverage="100%" />
                  </conditions>
                </line>
                <line number="90" hits="84633064" branch="False" />
                <line number="91" hits="84633064" branch="False" />
                <line number="92" hits="84633064" branch="False" />
                <line number="93" hits="84633064" branch="False" />
                <line number="95" hits="13865432" branch="False" />
                <line number="96" hits="13865432" branch="False" />
                <line number="97" hits="13865432" branch="False" />
                <line number="98" hits="98498496" branch="False" />
              </lines>
            </method>
          </methods>
          <lines>
            <line number="5" hits="711772878" branch="True" condition-coverage="88.88% (8/9)">
              <conditions>
                <condition number="5" type="switch" coverage="88.88%" />
              </conditions>
            </line>
            <line number="6" hits="711772878" branch="False" />
            <line number="7" hits="411362839" branch="False" />
            <line number="8" hits="181285583" branch="False" />
            <line number="9" hits="1" branch="False" />
            <line number="10" hits="119124449" branch="False" />
            <line number="11" hits="1" branch="False" />
            <line number="12" hits="1" branch="False" />
            <line number="13" hits="2" branch="False" />
            <line number="14" hits="2" branch="False" />
            <line number="15" hits="0" branch="False" />
            <line number="16" hits="711772878" branch="False" />
            <line number="18" hits="7562720" branch="False" />
            <line number="21" hits="490388465" branch="False" />
            <line number="22" hits="490388465" branch="False" />
            <line number="23" hits="900859006" branch="True" condition-coverage="100% (2/2)">
              <conditions>
                <condition number="17" type="jump" coverage="100%" />
              </conditions>
            </line>
            <line number="24" hits="490388465" branch="False" />
            <line number="25" hits="490388465" branch="False" />
            <line number="28" hits="2" branch="False" />
            <line number="29" hits="2" branch="False" />
            <line number="30" hits="2" branch="False" />
            <line number="31" hits="2" branch="False" />
            <line number="32" hits="2" branch="False" />
            <line number="35" hits="2" branch="False" />
            <line number="36" hits="2" branch="False" />
            <line number="37" hits="2" branch="True" condition-coverage="100% (2/2)">
              <conditions>
                <condition number="18" type="jump" coverage="100%" />
              </conditions>
            </line>
            <line number="38" hits="1" branch="False" />
            <line number="39" hits="1" branch="False" />
            <line number="40" hits="1" branch="False" />
            <line number="41" hits="1" branch="False" />
            <line number="43" hits="1" branch="False" />
            <line number="44" hits="1" branch="False" />
            <line number="45" hits="1" branch="False" />
            <line number="46" hits="2" branch="False" />
            <line number="49" hits="73349928" branch="False" />
            <line number="50" hits="73349928" branch="False" />
            <line number="51" hits="73349928" branch="False" />
            <line number="52" hits="73349928" branch="False" />
            <line number="53" hits="73349928" branch="False" />
            <line number="54" hits="73349928" branch="False" />
            <line number="57" hits="122885915" branch="False" />
            <line number="58" hits="122885915" branch="False" />
            <line number="59" hits="122885915" branch="True" condition-coverage="100% (2/2)">
              <conditions>
                <condition number="17" type="jump" coverage="100%" />
              </conditions>
            </line>
            <line number="60" hits="100380565" branch="False" />
            <line number="61" hits="100380565" branch="False" />
            <line number="62" hits="100380565" branch="False" />
            <line number="63" hits="100380565" branch="False" />
            <line number="64" hits="100380565" branch="False" />
            <line number="66" hits="22505350" branch="False" />
            <line number="67" hits="22505350" branch="False" />
            <line number="68" hits="22505350" branch="False" />
            <line number="69" hits="122885915" branch="False" />
            <line number="71" hits="356389748" branch="False" />
            <line number="74" hits="2" branch="False" />
            <line number="75" hits="2" branch="False" />
            <line number="76" hits="2" branch="True" condition-coverage="100% (2/2)">
              <conditions>
                <condition number="33" type="jump" coverage="100%" />
              </conditions>
            </line>
            <line number="77" hits="1" branch="False" />
            <line number="78" hits="1" branch="False" />
            <line number="79" hits="1" branch="False" />
            <line number="80" hits="1" branch="False" />
            <line number="82" hits="1" branch="False" />
            <line number="83" hits="1" branch="False" />
            <line number="84" hits="1" branch="False" />
            <line number="85" hits="2" branch="False" />
            <line number="88" hits="98498496" branch="False" />
            <line number="89" hits="98498496" branch="True" condition-coverage="100% (2/2)">
              <conditions>
                <condition number="10" type="jump" coverage="100%" />
              </conditions>
            </line>
            <line number="90" hits="84633064" branch="False" />
            <line number="91" hits="84633064" branch="False" />
            <line number="92" hits="84633064" branch="False" />
            <line number="93" hits="84633064" branch="False" />
            <line number="95" hits="13865432" branch="False" />
            <line number="96" hits="13865432" branch="False" />
            <line number="97" hits="13865432" branch="False" />
            <line number="98" hits="98498496" branch="False" />
          </lines>
        </class>
        <class name="CpuZ80.Core.Cpu" filename="Cpu.cs" line-rate="0.9561" branch-rate="0.9411" complexity="169">
          <methods>
            <method name="get_IFF1" signature="()" line-rate="1" branch-rate="1" complexity="1">
              <lines>
                <line number="12" hits="3761420" branch="False" />
              </lines>
            </method>
            <method name="get_IFF2" signature="()" line-rate="1" branch-rate="1" complexity="1">
              <lines>
                <line number="13" hits="3761386" branch="False" />
              </lines>
            </method>
            <method name="TriggerNmi" signature="()" line-rate="1" branch-rate="1" complexity="1">
              <lines>
                <line number="20" hits="4" branch="False" />
              </lines>
            </method>
            <method name="TriggerInt" signature="(System.Byte)" line-rate="1" branch-rate="1" complexity="1">
              <lines>
                <line number="21" hits="44" branch="False" />
              </lines>
            </method>
            <method name="get_A" signature="()" line-rate="1" branch-rate="1" complexity="1">
              <lines>
                <line number="30" hits="2147483647" branch="False" />
              </lines>
            </method>
            <method name="get_F" signature="()" line-rate="1" branch-rate="1" complexity="1">
              <lines>
                <line number="31" hits="2147483647" branch="False" />
              </lines>
            </method>
            <method name="get_FlagC" signature="()" line-rate="1" branch-rate="1" complexity="1">
              <lines>
                <line number="34" hits="1546236219" branch="False" />
              </lines>
            </method>
            <method name="get_FlagN" signature="()" line-rate="1" branch-rate="1" complexity="1">
              <lines>
                <line number="35" hits="1399135719" branch="False" />
              </lines>
            </method>
            <method name="get_FlagPV" signature="()" line-rate="1" branch-rate="1" complexity="1">
              <lines>
                <line number="36" hits="864722349" branch="False" />
              </lines>
            </method>
            <method name="get_FlagH" signature="()" line-rate="1" branch-rate="1" complexity="1">
              <lines>
                <line number="37" hits="1399152092" branch="False" />
              </lines>
            </method>
            <method name="get_FlagZ" signature="()" line-rate="1" branch-rate="1" complexity="1">
              <lines>
                <line number="38" hits="1457473166" branch="False" />
              </lines>
            </method>
            <method name="get_FlagS" signature="()" line-rate="1" branch-rate="1" complexity="1">
              <lines>
                <line number="39" hits="864715546" branch="False" />
              </lines>
            </method>
            <method name="SetFlag" signature="(CpuZ80.Core.Z80Flags,System.Boolean)" line-rate="1" branch-rate="1" complexity="2">
              <lines>
                <line number="42" hits="2147483647" branch="False" />
                <line number="43" hits="2147483647" branch="True" condition-coverage="100% (2/2)">
                  <conditions>
                    <condition number="4" type="jump" coverage="100%" />
                  </conditions>
                </line>
                <line number="44" hits="748221234" branch="False" />
                <line number="45" hits="2147483647" branch="False" />
              </lines>
            </method>
            <method name="get_B" signature="()" line-rate="1" branch-rate="1" complexity="1">
              <lines>
                <line number="46" hits="1215158903" branch="False" />
              </lines>
            </method>
            <method name="get_C" signature="()" line-rate="1" branch-rate="1" complexity="1">
              <lines>
                <line number="47" hits="1125562248" branch="False" />
              </lines>
            </method>
            <method name="get_D" signature="()" line-rate="1" branch-rate="1" complexity="1">
              <lines>
                <line number="48" hits="1091031173" branch="False" />
              </lines>
            </method>
            <method name="get_E" signature="()" line-rate="1" branch-rate="1" complexity="1">
              <lines>
                <line number="49" hits="1091051696" branch="False" />
              </lines>
            </method>
            <method name="get_H" signature="()" line-rate="1" branch-rate="1" complexity="1">
              <lines>
                <line number="50" hits="2147483647" branch="False" />
              </lines>
            </method>
            <method name="get_L" signature="()" line-rate="1" branch-rate="1" complexity="1">
              <lines>
                <line number="51" hits="2147483647" branch="False" />
              </lines>
            </method>
            <method name="get_BC" signature="()" line-rate="1" branch-rate="1" complexity="1">
              <lines>
                <line number="56" hits="980269738" branch="False" />
              </lines>
            </method>
            <method name="get_DE" signature="()" line-rate="1" branch-rate="1" complexity="1">
              <lines>
                <line number="57" hits="2147483647" branch="False" />
              </lines>
            </method>
            <method name="get_HL" signature="()" line-rate="1" branch-rate="1" complexity="1">
              <lines>
                <line number="58" hits="2147483647" branch="False" />
              </lines>
            </method>
            <method name="get_PC" signature="()" line-rate="1" branch-rate="1" complexity="1">
              <lines>
                <line number="60" hits="2147483647" branch="False" />
              </lines>
            </method>
            <method name="get_SP" signature="()" line-rate="1" branch-rate="1" complexity="1">
              <lines>
                <line number="61" hits="2147483647" branch="False" />
              </lines>
            </method>
            <method name="get_TotalCycles" signature="()" line-rate="1" branch-rate="1" complexity="1">
              <lines>
                <line number="63" hits="2147483647" branch="False" />
              </lines>
            </method>
            <method name="Reset" signature="()" line-rate="0" branch-rate="1" complexity="1">
              <lines>
                <line number="75" hits="0" branch="False" />
                <line number="76" hits="0" branch="False" />
                <line number="77" hits="0" branch="False" />
                <line number="78" hits="0" branch="False" />
                <line number="79" hits="0" branch="False" />
                <line number="80" hits="0" branch="False" />
                <line number="81" hits="0" branch="False" />
                <line number="82" hits="0" branch="False" />
                <line number="83" hits="0" branch="False" />
                <line number="84" hits="0" branch="False" />
                <line number="85" hits="0" branch="False" />
              </lines>
            </method>
            <method name="BuildDispatchTable" signature="()" line-rate="1" branch-rate="1" complexity="58">
              <lines>
                <line number="88" hits="151" branch="False" />
                <line number="89" hits="77614" branch="True" condition-coverage="100% (2/2)">
                  <conditions>
                    <condition number="41" type="jump" coverage="100%" />
                  </conditions>
                </line>
                <line number="90" hits="38656" branch="False" />
                <line number="91" hits="38656" branch="False" />
                <line number="92" hits="38656" branch="False" />
                <line number="94" hits="151" branch="False" />
                <line number="95" hits="151" branch="False" />
                <line number="96" hits="151" branch="False" />
                <line number="97" hits="151" branch="False" />
                <line number="98" hits="151" branch="False" />
                <line number="99" hits="151" branch="False" />
                <line number="100" hits="151" branch="False" />
                <line number="101" hits="255785771" branch="False" />
                <line number="102" hits="157" branch="False" />
                <line number="105" hits="7522851" branch="False" />
                <line number="106" hits="9403536" branch="False" />
                <line number="109" hits="151" branch="False" />
                <line number="110" hits="98455" branch="False" />
                <line number="111" hits="98455" branch="False" />
                <line number="112" hits="98455" branch="False" />
                <line number="115" hits="151" branch="False" />
                <line number="116" hits="151" branch="False" />
                <line number="117" hits="151" branch="False" />
                <line number="118" hits="151" branch="False" />
                <line number="121" hits="120364495" branch="False" />
                <line number="122" hits="451388267" branch="False" />
                <line number="123" hits="551978639" branch="False" />
                <line number="124" hits="15045623" branch="False" />
                <line number="127" hits="62134419" branch="False" />
                <line number="128" hits="441082087" branch="False" />
                <line number="131" hits="27416" branch="False" />
                <line number="132" hits="137322706" branch="False" />
                <line number="133" hits="60209016" branch="False" />
                <line number="134" hits="27416" branch="False" />
                <line number="135" hits="155" branch="False" />
                <line number="138" hits="3735" branch="False" />
                <line number="139" hits="752322907" branch="False" />
                <line number="140" hits="671544847" branch="False" />
                <line number="141" hits="3735" branch="False" />
                <line number="142" hits="4271" branch="False" />
                <line number="143" hits="3735" branch="False" />
                <line number="144" hits="11171" branch="False" />
                <line number="145" hits="3735" branch="False" />
                <line number="148" hits="10489219" branch="False" />
                <line number="149" hits="15046695" branch="False" />
                <line number="152" hits="343" branch="False" />
                <line number="153" hits="609346235" branch="False" />
                <line number="154" hits="251" branch="False" />
                <line number="155" hits="150462091" branch="False" />
                <line number="158" hits="102826375" branch="False" />
                <line number="159" hits="1987" branch="False" />
                <line number="160" hits="727" branch="False" />
                <line number="161" hits="191" branch="False" />
                <line number="162" hits="120364003" branch="False" />
                <line number="163" hits="263" branch="False" />
                <line number="164" hits="7111" branch="False" />
                <line number="165" hits="539482963" branch="False" />
                <line number="168" hits="2718" branch="True" condition-coverage="100% (2/2)">
                  <conditions>
                    <condition number="1220" type="jump" coverage="100%" />
                  </conditions>
                </line>
                <line number="169" hits="1208" branch="False" />
                <line number="170" hits="1208" branch="False" />
                <line number="171" hits="7661432" branch="True" condition-coverage="100% (2/2)">
                  <conditions>
                    <condition number="71" type="jump" coverage="100%" />
                  </conditions>
                </line>
                <line number="172" hits="1208" branch="False" />
                <line number="175" hits="2718" branch="True" condition-coverage="100% (2/2)">
                  <conditions>
                    <condition number="1294" type="jump" coverage="100%" />
                  </conditions>
                </line>
                <line number="176" hits="1208" branch="False" />
                <line number="177" hits="1208" branch="False" />
                <line number="178" hits="1228891696" branch="True" condition-coverage="100% (2/2)">
                  <conditions>
                    <condition number="71" type="jump" coverage="100%" />
                  </conditions>
                </line>
                <line number="179" hits="1208" branch="False" />
                <line number="182" hits="2718" branch="True" condition-coverage="100% (2/2)">
                  <conditions>
                    <condition number="1423" type="jump" coverage="100%" />
                  </conditions>
                </line>
                <line number="183" hits="1208" branch="False" />
                <line number="184" hits="21744" branch="True" condition-coverage="100% (2/2)">
                  <conditions>
                    <condition number="1405" type="jump" coverage="100%" />
                  </conditions>
                </line>
                <line number="185" hits="9664" branch="False" />
                <line number="186" hits="9664" branch="False" />
                <line number="187" hits="9815" branch="True" condition-coverage="100% (2/2)">
                  <conditions>
                    <condition number="1345" type="jump" coverage="100%" />
                  </conditions>
                </line>
                <line number="189" hits="9513" branch="False" />
                <line number="190" hits="9513" branch="False" />
                <line number="191" hits="2147483647" branch="True" condition-coverage="100% (4/4)">
                  <conditions>
                    <condition number="60" type="jump" coverage="100%" />
                    <condition number="69" type="jump" coverage="100%" />
                  </conditions>
                </line>
                <line number="192" hits="9513" branch="False" />
                <line number="193" hits="1208" branch="False" />
                <line number="196" hits="2718" branch="True" condition-coverage="100% (2/2)">
                  <conditions>
                    <condition number="1499" type="jump" coverage="100%" />
                  </conditions>
                </line>
                <line number="197" hits="1208" branch="False" />
                <line number="198" hits="1208" branch="False" />
                <line number="199" hits="744402" branch="True" condition-coverage="100% (2/2)">
                  <conditions>
                    <condition number="41" type="jump" coverage="100%" />
                  </conditions>
                </line>
                <line number="200" hits="1208" branch="False" />
                <line number="203" hits="2718" branch="True" condition-coverage="100% (2/2)">
                  <conditions>
                    <condition number="1575" type="jump" coverage="100%" />
                  </conditions>
                </line>
                <line number="204" hits="1208" branch="False" />
                <line number="205" hits="1208" branch="False" />
                <line number="206" hits="744394" branch="True" condition-coverage="100% (2/2)">
                  <conditions>
                    <condition number="41" type="jump" coverage="100%" />
                  </conditions>
                </line>
                <line number="207" hits="1208" branch="False" />
                <line number="210" hits="2718" branch="True" condition-coverage="100% (2/2)">
                  <conditions>
                    <condition number="1651" type="jump" coverage="100%" />
                  </conditions>
                </line>
                <line number="211" hits="1208" branch="False" />
                <line number="212" hits="1208" branch="False" />
                <line number="213" hits="744389" branch="True" condition-coverage="100% (2/2)">
                  <conditions>
                    <condition number="41" type="jump" coverage="100%" />
                  </conditions>
                </line>
                <line number="214" hits="1208" branch="False" />
[...]
            <line number="7" hits="4139187" branch="False" />
            <line number="8" hits="4139187" branch="False" />
            <line number="9" hits="4139187" branch="False" />
            <line number="10" hits="4139187" branch="True" condition-coverage="100% (2/2)">
              <conditions>
                <condition number="32" type="jump" coverage="100%" />
              </conditions>
            </line>
            <line number="11" hits="1616" branch="False" />
            <line number="12" hits="4137571" branch="True" condition-coverage="100% (2/2)">
              <conditions>
                <condition number="53" type="jump" coverage="100%" />
              </conditions>
            </line>
            <line number="13" hits="18" branch="False" />
            <line number="14" hits="18" branch="False" />
            <line number="15" hits="18" branch="False" />
            <line number="16" hits="18" branch="False" />
            <line number="17" hits="18" branch="False" />
            <line number="18" hits="18" branch="False" />
            <line number="19" hits="4137553" branch="True" condition-coverage="100% (2/2)">
              <conditions>
                <condition number="127" type="jump" coverage="100%" />
              </conditions>
            </line>
            <line number="20" hits="1" branch="False" />
            <line number="21" hits="1" branch="False" />
            <line number="22" hits="1" branch="False" />
            <line number="23" hits="1" branch="False" />
            <line number="25" hits="4137552" branch="False" />
            <line number="26" hits="4139187" branch="False" />
            <line number="27" hits="4139187" branch="False" />
            <line number="28" hits="4139187" branch="False" />
            <line number="29" hits="4139187" branch="False" />
            <line number="32" hits="4124833" branch="False" />
            <line number="33" hits="4124833" branch="False" />
            <line number="34" hits="4124833" branch="False" />
            <line number="35" hits="4124833" branch="False" />
            <line number="36" hits="4124833" branch="True" condition-coverage="100% (2/2)">
              <conditions>
                <condition number="32" type="jump" coverage="100%" />
              </conditions>
            </line>
            <line number="37" hits="1616" branch="False" />
            <line number="38" hits="4123217" branch="True" condition-coverage="100% (2/2)">
              <conditions>
                <condition number="53" type="jump" coverage="100%" />
              </conditions>
            </line>
            <line number="39" hits="17" branch="False" />
            <line number="40" hits="17" branch="False" />
            <line number="41" hits="17" branch="False" />
            <line number="42" hits="17" branch="False" />
            <line number="43" hits="17" branch="False" />
            <line number="44" hits="17" branch="False" />
            <line number="45" hits="4123200" branch="True" condition-coverage="100% (2/2)">
              <conditions>
                <condition number="127" type="jump" coverage="100%" />
              </conditions>
            </line>
            <line number="46" hits="1" branch="False" />
            <line number="47" hits="1" branch="False" />
            <line number="48" hits="1" branch="False" />
            <line number="49" hits="1" branch="False" />
            <line number="51" hits="4123199" branch="False" />
            <line number="52" hits="4124833" branch="False" />
            <line number="53" hits="4124833" branch="False" />
            <line number="54" hits="4124833" branch="False" />
            <line number="55" hits="4124833" branch="False" />
            <line number="58" hits="3232" branch="False" />
            <line number="59" hits="3232" branch="True" condition-coverage="100% (2/2)">
              <conditions>
                <condition number="8" type="jump" coverage="100%" />
              </conditions>
            </line>
            <line number="60" hits="3232" branch="False" />
            <line number="61" hits="3232" branch="False" />
            <line number="62" hits="3232" branch="False" />
            <line number="63" hits="3232" branch="False" />
            <line number="64" hits="3232" branch="False" />
            <line number="65" hits="3232" branch="False" />
            <line number="67" hits="3232" branch="True" condition-coverage="100% (2/2)">
              <conditions>
                <condition number="80" type="jump" coverage="100%" />
              </conditions>
            </line>
            <line number="68" hits="448" branch="False" />
            <line number="69" hits="448" branch="False" />
            <line number="70" hits="448" branch="False" />
            <line number="71" hits="448" branch="True" condition-coverage="50% (1/2)">
              <conditions>
                <condition number="125" type="jump" coverage="50%" />
              </conditions>
            </line>
            <line number="72" hits="448" branch="False" />
            <line number="73" hits="448" branch="False" />
            <line number="74" hits="2784" branch="True" condition-coverage="100% (2/2)">
              <conditions>
                <condition number="176" type="jump" coverage="100%" />
              </conditions>
            </line>
            <line number="75" hits="2304" branch="False" />
            <line number="76" hits="2304" branch="False" />
            <line number="77" hits="2304" branch="False" />
            <line number="78" hits="2304" branch="False" />
            <line number="79" hits="480" branch="True" condition-coverage="100% (2/2)">
              <conditions>
                <condition number="228" type="jump" coverage="100%" />
              </conditions>
            </line>
            <line number="80" hits="240" branch="False" />
            <line number="81" hits="240" branch="False" />
            <line number="82" hits="240" branch="False" />
            <line number="83" hits="240" branch="True" condition-coverage="50% (1/2)">
              <conditions>
                <condition number="272" type="jump" coverage="50%" />
              </conditions>
            </line>
            <line number="84" hits="240" branch="False" />
            <line number="85" hits="240" branch="False" />
            <line number="87" hits="240" branch="False" />
            <line number="88" hits="240" branch="False" />
            <line number="89" hits="240" branch="False" />
            <line number="90" hits="240" branch="True" condition-coverage="50% (1/2)">
              <conditions>
                <condition number="349" type="jump" coverage="50%" />
              </conditions>
            </line>
            <line number="91" hits="240" branch="False" />
            <line number="92" hits="240" branch="False" />
            <line number="93" hits="3232" branch="False" />
            <line number="95" hits="20" branch="False" />
            <line number="96" hits="4" branch="False" />
            <line number="99" hits="0" branch="False" />
            <line number="100" hits="0" branch="False" />
            <line number="101" hits="0" branch="False" />
            <line number="102" hits="0" branch="False" />
            <line number="103" hits="0" branch="False" />
            <line number="104" hits="0" branch="False" />
            <line number="105" hits="0" branch="False" />
            <line number="106" hits="0" branch="False" />
            <line number="107" hits="0" branch="False" />
            <line number="110" hits="0" branch="False" />
            <line number="111" hits="0" branch="False" />
            <line number="112" hits="0" branch="True" condition-coverage="0% (0/9)">
              <conditions>
                <condition number="12" type="switch" coverage="0%" />
              </conditions>
            </line>
            <line number="114" hits="0" branch="False" />
            <line number="115" hits="0" branch="False" />
            <line number="116" hits="0" branch="False" />
            <line number="117" hits="0" branch="False" />
            <line number="118" hits="0" branch="False" />
            <line number="119" hits="0" branch="False" />
            <line number="120" hits="0" branch="False" />
            <line number="121" hits="0" branch="False" />
            <line number="123" hits="0" branch="False" />
          </lines>
        </class>
        <class name="CpuZ80.Core.Cpu" filename="Cpu.Interrupts.cs" line-rate="1" branch-rate="1" complexity="5">
          <methods>
            <method name="AcceptNmi" signature="()" line-rate="1" branch-rate="1" complexity="1">
              <lines>
                <line number="6" hits="4" branch="False" />
                <line number="7" hits="4" branch="False" />
                <line number="8" hits="4" branch="False" />
                <line number="9" hits="4" branch="False" />
                <line number="10" hits="4" branch="False" />
                <line number="11" hits="4" branch="False" />
                <line number="12" hits="4" branch="False" />
              </lines>
            </method>
            <method name="AcceptInt" signature="()" line-rate="1" branch-rate="1" complexity="4">
              <lines>
                <line number="15" hits="9" branch="False" />
                <line number="16" hits="9" branch="False" />
                <line number="17" hits="9" branch="False" />
                <line number="18" hits="9" branch="False" />
                <line number="20" hits="9" branch="True" condition-coverage="100% (4/4)">
                  <conditions>
                    <condition number="43" type="switch" coverage="100%" />
                  </conditions>
                </line>
                <line number="24" hits="6" branch="False" />
                <line number="25" hits="6" branch="False" />
                <line number="27" hits="1" branch="False" />
                <line number="28" hits="1" branch="False" />
                <line number="29" hits="1" branch="False" />
                <line number="30" hits="1" branch="False" />
                <line number="32" hits="2" branch="False" />
                <line number="33" hits="2" branch="False" />
                <line number="34" hits="2" branch="False" />
                <line number="35" hits="2" branch="False" />
                <line number="36" hits="2" branch="False" />
                <line number="37" hits="2" branch="False" />
                <line number="39" hits="9" branch="False" />
              </lines>
            </method>
          </methods>
          <lines>
            <line number="6" hits="4" branch="False" />
            <line number="7" hits="4" branch="False" />
            <line number="8" hits="4" branch="False" />
            <line number="9" hits="4" branch="False" />
            <line number="10" hits="4" branch="False" />
            <line number="11" hits="4" branch="False" />
            <line number="12" hits="4" branch="False" />
            <line number="15" hits="9" branch="False" />
            <line number="16" hits="9" branch="False" />
            <line number="17" hits="9" branch="False" />
            <line number="18" hits="9" branch="False" />
            <line number="20" hits="9" branch="True" condition-coverage="100% (4/4)">
              <conditions>
                <condition number="43" type="switch" coverage="100%" />
              </conditions>
            </line>
            <line number="24" hits="6" branch="False" />
            <line number="25" hits="6" branch="False" />
            <line number="27" hits="1" branch="False" />
            <line number="28" hits="1" branch="False" />
            <line number="29" hits="1" branch="False" />
            <line number="30" hits="1" branch="False" />
            <line number="32" hits="2" branch="False" />
            <line number="33" hits="2" branch="False" />
            <line number="34" hits="2" branch="False" />
            <line number="35" hits="2" branch="False" />
            <line number="36" hits="2" branch="False" />
            <line number="37" hits="2" branch="False" />
            <line number="39" hits="9" branch="False" />
          </lines>
        </class>
        <class name="CpuZ80.Core.Cpu" filename="Cpu.Stack.cs" line-rate="1" branch-rate="1" complexity="10">
          <methods>
            <method name="Push" signature="(System.UInt16)" line-rate="1" branch-rate="1" complexity="1">
              <lines>
                <line number="6" hits="781370558" branch="False" />
                <line number="7" hits="781370558" branch="False" />
                <line number="8" hits="781370558" branch="False" />
                <line number="9" hits="781370558" branch="False" />
              </lines>
            </method>
            <method name="Pop" signature="()" line-rate="1" branch-rate="1" complexity="1">
              <lines>
                <line number="12" hits="781370545" branch="False" />
                <line number="13" hits="781370545" branch="False" />
                <line number="14" hits="781370545" branch="False" />
                <line number="15" hits="781370545" branch="False" />
                <line number="16" hits="781370545" branch="False" />
              </lines>
            </method>
            <method name="PUSH_BC" signature="()" line-rate="1" branch-rate="1" complexity="1">
              <lines>
                <line number="19" hits="687396416" branch="False" />
              </lines>
            </method>
            <method name="PUSH_DE" signature="()" line-rate="1" branch-rate="1" complexity="1">
              <lines>
                <line number="20" hits="293402624" branch="False" />
              </lines>
            </method>
            <method name="PUSH_HL" signature="()" line-rate="1" branch-rate="1" complexity="1">
              <lines>
                <line number="21" hits="837852272" branch="False" />
              </lines>
            </method>
            <method name="PUSH_AF" signature="()" line-rate="1" branch-rate="1" complexity="1">
              <lines>
                <line number="22" hits="611908864" branch="False" />
              </lines>
            </method>
            <method name="POP_BC" signature="()" line-rate="1" branch-rate="1" complexity="1">
              <lines>
                <line number="25" hits="687396412" branch="False" />
              </lines>
            </method>
            <method name="POP_DE" signature="()" line-rate="1" branch-rate="1" complexity="1">
              <lines>
                <line number="26" hits="293402628" branch="False" />
              </lines>
            </method>
            <method name="POP_HL" signature="()" line-rate="1" branch-rate="1" complexity="1">
              <lines>
                <line number="27" hits="837852272" branch="False" />
              </lines>
            </method>
            <method name="POP_AF" signature="()" line-rate="1" branch-rate="1" complexity="1">
              <lines>
                <line number="29" hits="152977216" branch="False" />
                <line number="30" hits="152977216" branch="False" />
                <line number="31" hits="152977216" branch="False" />
                <line number="32" hits="152977216" branch="False" />
                <line number="33" hits="152977216" branch="False" />
                <line number="34" hits="152977216" branch="False" />
              </lines>
            </method>
          </methods>
          <lines>
            <line number="6" hits="781370558" branch="False" />
            <line number="7" hits="781370558" branch="False" />
            <line number="8" hits="781370558" branch="False" />
            <line number="9" hits="781370558" branch="False" />
            <line number="12" hits="781370545" branch="False" />
            <line number="13" hits="781370545" branch="False" />
            <line number="14" hits="781370545" branch="False" />
            <line number="15" hits="781370545" branch="False" />
            <line number="16" hits="781370545" branch="False" />
            <line number="19" hits="687396416" branch="False" />
            <line number="20" hits="293402624" branch="False" />
            <line number="21" hits="837852272" branch="False" />
            <line number="22" hits="611908864" branch="False" />
            <line number="25" hits="687396412" branch="False" />
            <line number="26" hits="293402628" branch="False" />
            <line number="27" hits="837852272" branch="False" />
            <line number="29" hits="152977216" branch="False" />
            <line number="30" hits="152977216" branch="False" />
            <line number="31" hits="152977216" branch="False" />
            <line number="32" hits="152977216" branch="False" />
            <line number="33" hits="152977216" branch="False" />
            <line number="34" hits="152977216" branch="False" />
          </lines>
        </class>
        <class name="CpuZ80.Core.Ram" filename="Ram.cs" line-rate="1" branch-rate="1" complexity="5">
          <methods>
            <method name="get_RawBytes" signature="()" line-rate="1" branch-rate="1" complexity="1">
              <lines>
                <line number="9" hits="2" branch="False" />
              </lines>
            </method>
            <method name="Read" signature="(System.UInt16)" line-rate="1" branch-rate="1" complexity="1">
              <lines>
                <line number="11" hits="466" branch="False" />
              </lines>
            </method>
            <method name="Write" signature="(System.UInt16,System.Byte)" line-rate="1" branch-rate="1" complexity="1">
              <lines>
                <line number="12" hits="148" branch="False" />
              </lines>
            </method>
            <method name="Load" signature="(System.UInt16,System.Byte[])" line-rate="1" branch-rate="1" complexity="1">
              <lines>
                <line number="15" hits="164" branch="False" />
              </lines>
            </method>
            <method name=".ctor" signature="(System.Int32)" line-rate="1" branch-rate="1" complexity="1">
              <lines>
                <line number="7" hits="310" branch="False" />
              </lines>
            </method>
          </methods>
          <lines>
            <line number="9" hits="2" branch="False" />
            <line number="11" hits="466" branch="False" />
            <line number="12" hits="148" branch="False" />
            <line number="15" hits="164" branch="False" />
            <line number="7" hits="310" branch="False" />
          </lines>
        </class>
        <class name="CpuZ80.Core.Rom" filename="Rom.cs" line-rate="1" branch-rate="1" complexity="3">
          <methods>
            <method name="Read" signature="(System.UInt16)" line-rate="1" branch-rate="1" complexity="1">
              <lines>
                <line number="9" hits="3" branch="False" />
              </lines>
            </method>
            <method name="Write" signature="(System.UInt16,System.Byte)" line-rate="1" branch-rate="1" complexity="1">
              <lines>
                <line number="11" hits="2" branch="False" />
              </lines>
            </method>
            <method name=".ctor" signature="(System.Byte[])" line-rate="1" branch-rate="1" complexity="1">
              <lines>
                <line number="7" hits="6" branch="False" />
              </lines>
            </method>
          </methods>
          <lines>
            <line number="9" hits="3" branch="False" />
            <line number="11" hits="2" branch="False" />
            <line number="7" hits="6" branch="False" />
          </lines>
        </class>
      </classes>
    </package>
  </packages>
</coverage>